Clock: clk
Sources: clk 
Generated: no
Virtual: no
Propagated: no
Period: 20.000000

===========================================================================
report_clock_properties
============================================================================
Clock                   Period          Waveform
----------------------------------------------------
clk                  20.000000    0.000000 10.000000

===========================================================================
report_clock_latency
============================================================================
Clock clk
rise -> rise
    min     max
0.000000 0.000000 source latency
0.514506         network latency _0966_/CLK
        0.514506 network latency _0966_/CLK
---------------
0.514506 0.514506 latency
        0.000000 skew

fall -> fall
    min     max
0.000000 0.000000 source latency
0.247438         network latency _0966_/CLK
        0.247438 network latency _0966_/CLK
---------------
0.247438 0.247438 latency
        0.000000 skew



===========================================================================
report_clock_min_period
============================================================================
clk period_min = 8.13 fmax = 123.02
