                                                                        Cells by Master                                                                         
┏━━━━━━━━━━━━━━━━━━━━━━━━━━━━━━━━━━━━━━━━━━━━━━━━━━━━━━━━━━━━━━━━━━━━━━━━━━━━━━━━━━━━━━━━━━━━━━━━━━━━━━━━━━━━━━━━━━━━━━━━━━━━━━━━━━┳━━━━━━━━━━━━━━━━━━━━━━━━━━━┓
┃ Cell                                                                                                                             ┃ Count                     ┃
┡━━━━━━━━━━━━━━━━━━━━━━━━━━━━━━━━━━━━━━━━━━━━━━━━━━━━━━━━━━━━━━━━━━━━━━━━━━━━━━━━━━━━━━━━━━━━━━━━━━━━━━━━━━━━━━━━━━━━━━━━━━━━━━━━━━╇━━━━━━━━━━━━━━━━━━━━━━━━━━━┩
│ sky130_ef_sc_hd__decap_12                                                                                                        │ 325                       │
│ sky130_fd_sc_hd__a211o_1                                                                                                         │ 6                         │
│ sky130_fd_sc_hd__a211oi_1                                                                                                        │ 1                         │
│ sky130_fd_sc_hd__a21bo_1                                                                                                         │ 7                         │
│ sky130_fd_sc_hd__a21bo_2                                                                                                         │ 1                         │
│ sky130_fd_sc_hd__a21boi_1                                                                                                        │ 2                         │
│ sky130_fd_sc_hd__a21o_1                                                                                                          │ 25                        │
│ sky130_fd_sc_hd__a21oi_1                                                                                                         │ 23                        │
│ sky130_fd_sc_hd__a21oi_4                                                                                                         │ 1                         │
│ sky130_fd_sc_hd__a221o_1                                                                                                         │ 1                         │
│ sky130_fd_sc_hd__a221oi_4                                                                                                        │ 1                         │
│ sky130_fd_sc_hd__a22o_1                                                                                                          │ 7                         │
│ sky130_fd_sc_hd__a2bb2o_1                                                                                                        │ 2                         │
│ sky130_fd_sc_hd__a2bb2oi_1                                                                                                       │ 1                         │
│ sky130_fd_sc_hd__a311o_1                                                                                                         │ 1                         │
│ sky130_fd_sc_hd__a31o_1                                                                                                          │ 6                         │
│ sky130_fd_sc_hd__a31oi_1                                                                                                         │ 1                         │
│ sky130_fd_sc_hd__a32o_1                                                                                                          │ 1                         │
│ sky130_fd_sc_hd__a41o_1                                                                                                          │ 1                         │
│ sky130_fd_sc_hd__a41oi_2                                                                                                         │ 1                         │
│ sky130_fd_sc_hd__and2_1                                                                                                          │ 14                        │
│ sky130_fd_sc_hd__and2_4                                                                                                          │ 1                         │
│ sky130_fd_sc_hd__and2b_1                                                                                                         │ 1                         │
│ sky130_fd_sc_hd__and3_1                                                                                                          │ 27                        │
│ sky130_fd_sc_hd__and3_2                                                                                                          │ 4                         │
│ sky130_fd_sc_hd__and3_4                                                                                                          │ 1                         │
│ sky130_fd_sc_hd__and3b_1                                                                                                         │ 3                         │
│ sky130_fd_sc_hd__and4_1                                                                                                          │ 1                         │
│ sky130_fd_sc_hd__and4b_2                                                                                                         │ 2                         │
│ sky130_fd_sc_hd__and4bb_1                                                                                                        │ 1                         │
│ sky130_fd_sc_hd__buf_1                                                                                                           │ 4                         │
│ sky130_fd_sc_hd__buf_2                                                                                                           │ 17                        │
│ sky130_fd_sc_hd__buf_4                                                                                                           │ 1                         │
│ sky130_fd_sc_hd__bufinv_16                                                                                                       │ 1                         │
│ sky130_fd_sc_hd__clkbuf_1                                                                                                        │ 4                         │
│ sky130_fd_sc_hd__clkbuf_16                                                                                                       │ 9                         │
│ sky130_fd_sc_hd__clkbuf_2                                                                                                        │ 7                         │
│ sky130_fd_sc_hd__clkbuf_4                                                                                                        │ 13                        │
│ sky130_fd_sc_hd__clkinv_2                                                                                                        │ 1                         │
│ sky130_fd_sc_hd__clkinv_4                                                                                                        │ 2                         │
│ sky130_fd_sc_hd__clkinvlp_4                                                                                                      │ 1                         │
│ sky130_fd_sc_hd__conb_1                                                                                                          │ 16                        │
│ sky130_fd_sc_hd__decap_3                                                                                                         │ 172                       │
│ sky130_fd_sc_hd__decap_4                                                                                                         │ 113                       │
│ sky130_fd_sc_hd__decap_6                                                                                                         │ 89                        │
│ sky130_fd_sc_hd__decap_8                                                                                                         │ 77                        │
│ sky130_fd_sc_hd__dfrtp_1                                                                                                         │ 70                        │
│ sky130_fd_sc_hd__dfrtp_2                                                                                                         │ 5                         │
│ sky130_fd_sc_hd__dfrtp_4                                                                                                         │ 5                         │
│ sky130_fd_sc_hd__dlygate4sd3_1                                                                                                   │ 65                        │
│ sky130_fd_sc_hd__dlymetal6s2s_1                                                                                                  │ 1                         │
│ sky130_fd_sc_hd__fill_1                                                                                                          │ 218                       │
│ sky130_fd_sc_hd__fill_2                                                                                                          │ 91                        │
│ sky130_fd_sc_hd__inv_2                                                                                                           │ 14                        │
│ sky130_fd_sc_hd__inv_6                                                                                                           │ 1                         │
│ sky130_fd_sc_hd__mux2_1                                                                                                          │ 78                        │
│ sky130_fd_sc_hd__mux2_2                                                                                                          │ 2                         │
│ sky130_fd_sc_hd__mux4_1                                                                                                          │ 16                        │
│ sky130_fd_sc_hd__nand2_1                                                                                                         │ 36                        │
│ sky130_fd_sc_hd__nand2_2                                                                                                         │ 4                         │
│ sky130_fd_sc_hd__nand2_4                                                                                                         │ 4                         │
│ sky130_fd_sc_hd__nand2b_1                                                                                                        │ 3                         │
│ sky130_fd_sc_hd__nand2b_4                                                                                                        │ 1                         │
│ sky130_fd_sc_hd__nand3_1                                                                                                         │ 17                        │
│ sky130_fd_sc_hd__nand3_2                                                                                                         │ 4                         │
│ sky130_fd_sc_hd__nand3b_1                                                                                                        │ 3                         │
│ sky130_fd_sc_hd__nand3b_2                                                                                                        │ 1                         │
│ sky130_fd_sc_hd__nand4_1                                                                                                         │ 1                         │
│ sky130_fd_sc_hd__nor2_1                                                                                                          │ 21                        │
│ sky130_fd_sc_hd__nor2_2                                                                                                          │ 6                         │
│ sky130_fd_sc_hd__nor3_1                                                                                                          │ 1                         │
│ sky130_fd_sc_hd__nor4b_1                                                                                                         │ 1                         │
│ sky130_fd_sc_hd__o211a_1                                                                                                         │ 3                         │
│ sky130_fd_sc_hd__o211a_2                                                                                                         │ 1                         │
│ sky130_fd_sc_hd__o211a_4                                                                                                         │ 2                         │
│ sky130_fd_sc_hd__o211ai_1                                                                                                        │ 3                         │
│ sky130_fd_sc_hd__o211ai_2                                                                                                        │ 4                         │
│ sky130_fd_sc_hd__o21a_1                                                                                                          │ 5                         │
│ sky130_fd_sc_hd__o21a_2                                                                                                          │ 1                         │
│ sky130_fd_sc_hd__o21a_4                                                                                                          │ 1                         │
│ sky130_fd_sc_hd__o21ai_1                                                                                                         │ 9                         │
│ sky130_fd_sc_hd__o21ai_2                                                                                                         │ 1                         │
│ sky130_fd_sc_hd__o21ba_1                                                                                                         │ 4                         │
│ sky130_fd_sc_hd__o21bai_1                                                                                                        │ 2                         │
│ sky130_fd_sc_hd__o21bai_2                                                                                                        │ 1                         │
│ sky130_fd_sc_hd__o221a_4                                                                                                         │ 2                         │
│ sky130_fd_sc_hd__o22a_1                                                                                                          │ 3                         │
│ sky130_fd_sc_hd__o22ai_1                                                                                                         │ 1                         │
│ sky130_fd_sc_hd__o311a_1                                                                                                         │ 1                         │
│ sky130_fd_sc_hd__o31ai_2                                                                                                         │ 2                         │
│ sky130_fd_sc_hd__o32a_1                                                                                                          │ 1                         │
│ sky130_fd_sc_hd__or2_1                                                                                                           │ 19                        │
│ sky130_fd_sc_hd__or2_2                                                                                                           │ 3                         │
│ sky130_fd_sc_hd__or3_1                                                                                                           │ 12                        │
│ sky130_fd_sc_hd__or3_2                                                                                                           │ 2                         │
│ sky130_fd_sc_hd__or3_4                                                                                                           │ 1                         │
│ sky130_fd_sc_hd__or3b_1                                                                                                          │ 1                         │
│ sky130_fd_sc_hd__or3b_2                                                                                                          │ 3                         │
│ sky130_fd_sc_hd__or4_1                                                                                                           │ 4                         │
│ sky130_fd_sc_hd__or4b_2                                                                                                          │ 2                         │
│ sky130_fd_sc_hd__or4b_4                                                                                                          │ 1                         │
│ sky130_fd_sc_hd__or4bb_1                                                                                                         │ 2                         │
│ sky130_fd_sc_hd__tapvpwrvgnd_1                                                                                                   │ 225                       │
│ sky130_fd_sc_hd__xnor2_1                                                                                                         │ 38                        │
│ sky130_fd_sc_hd__xnor2_2                                                                                                         │ 18                        │
│ sky130_fd_sc_hd__xnor2_4                                                                                                         │ 6                         │
│ sky130_fd_sc_hd__xor2_1                                                                                                          │ 16                        │
│ sky130_fd_sc_hd__xor2_2                                                                                                          │ 4                         │
│ sky130_fd_sc_hd__xor2_4                                                                                                          │ 3                         │
└──────────────────────────────────────────────────────────────────────────────────────────────────────────────────────────────────┴───────────────────────────┘
