                                                                       Cells by Function                                                                        
┏━━━━━━━━━━━━━━━━━━━━━━━━━━━━━━━━━━━━━━━━━━━━━━━━━━━━━━━━━━━━━━━━━━━━━━━━━━━━━━━━━━━━━━━━━━━━━━━━━━━━━━━━━━━━━━━━━━━━━━━━━━━━━━━━━┳━━━━━━━━━━━━━━━━━━━━━━━━━━━━┓
┃ Cell Function                                                                                                                   ┃ Count                      ┃
┡━━━━━━━━━━━━━━━━━━━━━━━━━━━━━━━━━━━━━━━━━━━━━━━━━━━━━━━━━━━━━━━━━━━━━━━━━━━━━━━━━━━━━━━━━━━━━━━━━━━━━━━━━━━━━━━━━━━━━━━━━━━━━━━━━╇━━━━━━━━━━━━━━━━━━━━━━━━━━━━┩
│ sky130_ef_sc_hd__decap                                                                                                          │ 325                        │
│ sky130_fd_sc_hd__a211o                                                                                                          │ 6                          │
│ sky130_fd_sc_hd__a211oi                                                                                                         │ 1                          │
│ sky130_fd_sc_hd__a21bo                                                                                                          │ 8                          │
│ sky130_fd_sc_hd__a21boi                                                                                                         │ 2                          │
│ sky130_fd_sc_hd__a21o                                                                                                           │ 25                         │
│ sky130_fd_sc_hd__a21oi                                                                                                          │ 24                         │
│ sky130_fd_sc_hd__a221o                                                                                                          │ 1                          │
│ sky130_fd_sc_hd__a221oi                                                                                                         │ 1                          │
│ sky130_fd_sc_hd__a22o                                                                                                           │ 7                          │
│ sky130_fd_sc_hd__a2bb2o                                                                                                         │ 2                          │
│ sky130_fd_sc_hd__a2bb2oi                                                                                                        │ 1                          │
│ sky130_fd_sc_hd__a311o                                                                                                          │ 1                          │
│ sky130_fd_sc_hd__a31o                                                                                                           │ 6                          │
│ sky130_fd_sc_hd__a31oi                                                                                                          │ 1                          │
│ sky130_fd_sc_hd__a32o                                                                                                           │ 1                          │
│ sky130_fd_sc_hd__a41o                                                                                                           │ 1                          │
│ sky130_fd_sc_hd__a41oi                                                                                                          │ 1                          │
│ sky130_fd_sc_hd__and2                                                                                                           │ 15                         │
│ sky130_fd_sc_hd__and2b                                                                                                          │ 1                          │
│ sky130_fd_sc_hd__and3                                                                                                           │ 32                         │
│ sky130_fd_sc_hd__and3b                                                                                                          │ 3                          │
│ sky130_fd_sc_hd__and4                                                                                                           │ 1                          │
│ sky130_fd_sc_hd__and4b                                                                                                          │ 2                          │
│ sky130_fd_sc_hd__and4bb                                                                                                         │ 1                          │
│ sky130_fd_sc_hd__buf                                                                                                            │ 22                         │
│ sky130_fd_sc_hd__bufinv                                                                                                         │ 1                          │
│ sky130_fd_sc_hd__clkbuf                                                                                                         │ 33                         │
│ sky130_fd_sc_hd__clkinv                                                                                                         │ 3                          │
│ sky130_fd_sc_hd__clkinvlp                                                                                                       │ 1                          │
│ sky130_fd_sc_hd__conb                                                                                                           │ 16                         │
│ sky130_fd_sc_hd__decap                                                                                                          │ 451                        │
│ sky130_fd_sc_hd__dfrtp                                                                                                          │ 80                         │
│ sky130_fd_sc_hd__dlygate4sd3                                                                                                    │ 65                         │
│ sky130_fd_sc_hd__dlymetal6s2s                                                                                                   │ 1                          │
│ sky130_fd_sc_hd__fill                                                                                                           │ 309                        │
│ sky130_fd_sc_hd__inv                                                                                                            │ 15                         │
│ sky130_fd_sc_hd__mux2                                                                                                           │ 80                         │
│ sky130_fd_sc_hd__mux4                                                                                                           │ 16                         │
│ sky130_fd_sc_hd__nand2                                                                                                          │ 44                         │
│ sky130_fd_sc_hd__nand2b                                                                                                         │ 4                          │
│ sky130_fd_sc_hd__nand3                                                                                                          │ 21                         │
│ sky130_fd_sc_hd__nand3b                                                                                                         │ 4                          │
│ sky130_fd_sc_hd__nand4                                                                                                          │ 1                          │
│ sky130_fd_sc_hd__nor2                                                                                                           │ 27                         │
│ sky130_fd_sc_hd__nor3                                                                                                           │ 1                          │
│ sky130_fd_sc_hd__nor4b                                                                                                          │ 1                          │
│ sky130_fd_sc_hd__o211a                                                                                                          │ 6                          │
│ sky130_fd_sc_hd__o211ai                                                                                                         │ 7                          │
│ sky130_fd_sc_hd__o21a                                                                                                           │ 7                          │
│ sky130_fd_sc_hd__o21ai                                                                                                          │ 10                         │
│ sky130_fd_sc_hd__o21ba                                                                                                          │ 4                          │
│ sky130_fd_sc_hd__o21bai                                                                                                         │ 3                          │
│ sky130_fd_sc_hd__o221a                                                                                                          │ 2                          │
│ sky130_fd_sc_hd__o22a                                                                                                           │ 3                          │
│ sky130_fd_sc_hd__o22ai                                                                                                          │ 1                          │
│ sky130_fd_sc_hd__o311a                                                                                                          │ 1                          │
│ sky130_fd_sc_hd__o31ai                                                                                                          │ 2                          │
│ sky130_fd_sc_hd__o32a                                                                                                           │ 1                          │
│ sky130_fd_sc_hd__or2                                                                                                            │ 22                         │
│ sky130_fd_sc_hd__or3                                                                                                            │ 15                         │
│ sky130_fd_sc_hd__or3b                                                                                                           │ 4                          │
│ sky130_fd_sc_hd__or4                                                                                                            │ 4                          │
│ sky130_fd_sc_hd__or4b                                                                                                           │ 3                          │
│ sky130_fd_sc_hd__or4bb                                                                                                          │ 2                          │
│ sky130_fd_sc_hd__tapvpwrvgnd                                                                                                    │ 225                        │
│ sky130_fd_sc_hd__xnor2                                                                                                          │ 62                         │
│ sky130_fd_sc_hd__xor2                                                                                                           │ 23                         │
└─────────────────────────────────────────────────────────────────────────────────────────────────────────────────────────────────┴────────────────────────────┘
