
===========================================================================
report_checks -unconstrained
===========================================================================
======================= nom_ss_100C_1v60 Corner ===================================

Startpoint: rst_n (input port clocked by clk)
Endpoint: _1068_ (recovery check against rising-edge clock clk)
Path Group: asynchronous
Path Type: max

Fanout         Cap        Slew       Delay        Time   Description
---------------------------------------------------------------------------------------------
                      0.150000    0.000000    0.000000   clock clk (rise edge)
                                  0.000000    0.000000   clock network delay (ideal)
                                  4.000000    4.000000 ^ input external delay
    82    0.267102    1.906555    1.337343    5.337343 ^ rst_n (in)
                                                         rst_n (net)
                      1.906555    0.000000    5.337343 ^ _1068_/RESET_B (sky130_fd_sc_hd__dfrtp_2)
                                              5.337343   data arrival time

                      0.150000   20.000000   20.000000   clock clk (rise edge)
                                  0.000000   20.000000   clock network delay (ideal)
                                 -0.250000   19.750002   clock uncertainty
                                  0.000000   19.750002   clock reconvergence pessimism
                                             19.750002 ^ _1068_/CLK (sky130_fd_sc_hd__dfrtp_2)
                                 -0.309227   19.440775   library recovery time
                                             19.440775   data required time
---------------------------------------------------------------------------------------------
                                             19.440775   data required time
                                             -5.337343   data arrival time
---------------------------------------------------------------------------------------------
                                             14.103432   slack (MET)


Startpoint: rst_n (input port clocked by clk)
Endpoint: uo_out[7] (output port clocked by clk)
Path Group: clk
Path Type: max

Fanout         Cap        Slew       Delay        Time   Description
---------------------------------------------------------------------------------------------
                      0.150000    0.000000    0.000000   clock clk (rise edge)
                                  0.000000    0.000000   clock network delay (ideal)
                                  4.000000    4.000000 ^ input external delay
    82    0.267102    1.906555    1.337343    5.337343 ^ rst_n (in)
                                                         rst_n (net)
                      1.906555    0.000000    5.337343 ^ _0552_/C (sky130_fd_sc_hd__and3_2)
     8    0.024926    0.260017    0.988181    6.325524 ^ _0552_/X (sky130_fd_sc_hd__and3_2)
                                                         _0101_ (net)
                      0.260017    0.000000    6.325524 ^ _0590_/A1 (sky130_fd_sc_hd__a21oi_2)
     8    0.021984    0.206249    0.276151    6.601676 v _0590_/Y (sky130_fd_sc_hd__a21oi_2)
                                                         _0139_ (net)
                      0.206249    0.000000    6.601676 v _0633_/C (sky130_fd_sc_hd__or4_2)
     2    0.006572    0.253790    1.548694    8.150370 v _0633_/X (sky130_fd_sc_hd__or4_2)
                                                         _0182_ (net)
                      0.253790    0.000000    8.150370 v _0635_/A1 (sky130_fd_sc_hd__a211o_2)
     3    0.007130    0.107984    0.665747    8.816116 v _0635_/X (sky130_fd_sc_hd__a211o_2)
                                                         _0184_ (net)
                      0.107984    0.000000    8.816116 v _0638_/B (sky130_fd_sc_hd__and3_2)
     3    0.004199    0.080605    0.428114    9.244230 v _0638_/X (sky130_fd_sc_hd__and3_2)
                                                         _0187_ (net)
                      0.080605    0.000000    9.244230 v _0660_/A (sky130_fd_sc_hd__or4bb_2)
     3    0.010088    0.266212    1.568447   10.812677 v _0660_/X (sky130_fd_sc_hd__or4bb_2)
                                                         _0209_ (net)
                      0.266212    0.000000   10.812677 v _0664_/B (sky130_fd_sc_hd__and3_2)
     2    0.005415    0.088056    0.518218   11.330894 v _0664_/X (sky130_fd_sc_hd__and3_2)
                                                         _0213_ (net)
                      0.088056    0.000000   11.330894 v _0686_/C (sky130_fd_sc_hd__or3_2)
     2    0.006568    0.194271    1.020029   12.350924 v _0686_/X (sky130_fd_sc_hd__or3_2)
                                                         _0235_ (net)
                      0.194271    0.000000   12.350924 v _0687_/A2 (sky130_fd_sc_hd__a21o_2)
     4    0.012445    0.102716    0.481242   12.832166 v _0687_/X (sky130_fd_sc_hd__a21o_2)
                                                         _0236_ (net)
                      0.102716    0.000000   12.832166 v _0693_/A1 (sky130_fd_sc_hd__a21o_2)
     4    0.010670    0.095297    0.402135   13.234302 v _0693_/X (sky130_fd_sc_hd__a21o_2)
                                                         _0242_ (net)
                      0.095297    0.000000   13.234302 v _0848_/C (sky130_fd_sc_hd__and3_2)
     2    0.005415    0.088304    0.463210   13.697511 v _0848_/X (sky130_fd_sc_hd__and3_2)
                                                         _0396_ (net)
                      0.088304    0.000000   13.697511 v _0849_/C (sky130_fd_sc_hd__or3_2)
     4    0.012445    0.228259    1.079082   14.776593 v _0849_/X (sky130_fd_sc_hd__or3_2)
                                                         _0397_ (net)
                      0.228259    0.000000   14.776593 v _0854_/A1 (sky130_fd_sc_hd__a21o_2)
     3    0.008864    0.087562    0.446613   15.223207 v _0854_/X (sky130_fd_sc_hd__a21o_2)
                                                         _0402_ (net)
                      0.087562    0.000000   15.223207 v _0883_/A4 (sky130_fd_sc_hd__a41o_2)
     3    0.008881    0.097231    0.525477   15.748683 v _0883_/X (sky130_fd_sc_hd__a41o_2)
                                                         _0430_ (net)
                      0.097231    0.000000   15.748683 v _0885_/B1 (sky130_fd_sc_hd__a21o_2)
     2    0.006044    0.075552    0.368152   16.116835 v _0885_/X (sky130_fd_sc_hd__a21o_2)
                                                         _0432_ (net)
                      0.075552    0.000000   16.116835 v _0888_/B (sky130_fd_sc_hd__and3b_2)
     3    0.009656    0.105572    0.447699   16.564533 v _0888_/X (sky130_fd_sc_hd__and3b_2)
                                                         _0435_ (net)
                      0.105572    0.000000   16.564533 v _0932_/C (sky130_fd_sc_hd__or4_2)
     1    0.004241    0.231842    1.477316   18.041849 v _0932_/X (sky130_fd_sc_hd__or4_2)
                                                         _0474_ (net)
                      0.231842    0.000000   18.041849 v _0933_/B (sky130_fd_sc_hd__nand2_2)
     1    0.008492    0.113808    0.201524   18.243374 ^ _0933_/Y (sky130_fd_sc_hd__nand2_2)
                                                         _0475_ (net)
                      0.113808    0.000000   18.243374 ^ _0934_/B (sky130_fd_sc_hd__xnor2_2)
     1    0.002554    0.150659    0.196193   18.439568 ^ _0934_/Y (sky130_fd_sc_hd__xnor2_2)
                                                         _0476_ (net)
                      0.150659    0.000000   18.439568 ^ _0935_/A2 (sky130_fd_sc_hd__o21a_2)
     1    0.033442    0.295386    0.438000   18.877567 ^ _0935_/X (sky130_fd_sc_hd__o21a_2)
                                                         uo_out[7] (net)
                      0.295386    0.000000   18.877567 ^ uo_out[7] (out)
                                             18.877567   data arrival time

                      0.150000   20.000000   20.000000   clock clk (rise edge)
                                  0.000000   20.000000   clock network delay (ideal)
                                 -0.250000   19.750002   clock uncertainty
                                  0.000000   19.750002   clock reconvergence pessimism
                                 -4.000000   15.750001   output external delay
                                             15.750001   data required time
---------------------------------------------------------------------------------------------
                                             15.750001   data required time
                                            -18.877567   data arrival time
---------------------------------------------------------------------------------------------
                                             -3.127566   slack (VIOLATED)




===========================================================================
report_checks --slack_max -0.01
============================================================================
======================= nom_ss_100C_1v60 Corner ===================================

Startpoint: rst_n (input port clocked by clk)
Endpoint: uo_out[7] (output port clocked by clk)
Path Group: clk
Path Type: max

Fanout         Cap        Slew       Delay        Time   Description
---------------------------------------------------------------------------------------------
                      0.150000    0.000000    0.000000   clock clk (rise edge)
                                  0.000000    0.000000   clock network delay (ideal)
                                  4.000000    4.000000 ^ input external delay
    82    0.267102    1.906555    1.337343    5.337343 ^ rst_n (in)
                                                         rst_n (net)
                      1.906555    0.000000    5.337343 ^ _0552_/C (sky130_fd_sc_hd__and3_2)
     8    0.024926    0.260017    0.988181    6.325524 ^ _0552_/X (sky130_fd_sc_hd__and3_2)
                                                         _0101_ (net)
                      0.260017    0.000000    6.325524 ^ _0590_/A1 (sky130_fd_sc_hd__a21oi_2)
     8    0.021984    0.206249    0.276151    6.601676 v _0590_/Y (sky130_fd_sc_hd__a21oi_2)
                                                         _0139_ (net)
                      0.206249    0.000000    6.601676 v _0633_/C (sky130_fd_sc_hd__or4_2)
     2    0.006572    0.253790    1.548694    8.150370 v _0633_/X (sky130_fd_sc_hd__or4_2)
                                                         _0182_ (net)
                      0.253790    0.000000    8.150370 v _0635_/A1 (sky130_fd_sc_hd__a211o_2)
     3    0.007130    0.107984    0.665747    8.816116 v _0635_/X (sky130_fd_sc_hd__a211o_2)
                                                         _0184_ (net)
                      0.107984    0.000000    8.816116 v _0638_/B (sky130_fd_sc_hd__and3_2)
     3    0.004199    0.080605    0.428114    9.244230 v _0638_/X (sky130_fd_sc_hd__and3_2)
                                                         _0187_ (net)
                      0.080605    0.000000    9.244230 v _0660_/A (sky130_fd_sc_hd__or4bb_2)
     3    0.010088    0.266212    1.568447   10.812677 v _0660_/X (sky130_fd_sc_hd__or4bb_2)
                                                         _0209_ (net)
                      0.266212    0.000000   10.812677 v _0664_/B (sky130_fd_sc_hd__and3_2)
     2    0.005415    0.088056    0.518218   11.330894 v _0664_/X (sky130_fd_sc_hd__and3_2)
                                                         _0213_ (net)
                      0.088056    0.000000   11.330894 v _0686_/C (sky130_fd_sc_hd__or3_2)
     2    0.006568    0.194271    1.020029   12.350924 v _0686_/X (sky130_fd_sc_hd__or3_2)
                                                         _0235_ (net)
                      0.194271    0.000000   12.350924 v _0687_/A2 (sky130_fd_sc_hd__a21o_2)
     4    0.012445    0.102716    0.481242   12.832166 v _0687_/X (sky130_fd_sc_hd__a21o_2)
                                                         _0236_ (net)
                      0.102716    0.000000   12.832166 v _0693_/A1 (sky130_fd_sc_hd__a21o_2)
     4    0.010670    0.095297    0.402135   13.234302 v _0693_/X (sky130_fd_sc_hd__a21o_2)
                                                         _0242_ (net)
                      0.095297    0.000000   13.234302 v _0848_/C (sky130_fd_sc_hd__and3_2)
     2    0.005415    0.088304    0.463210   13.697511 v _0848_/X (sky130_fd_sc_hd__and3_2)
                                                         _0396_ (net)
                      0.088304    0.000000   13.697511 v _0849_/C (sky130_fd_sc_hd__or3_2)
     4    0.012445    0.228259    1.079082   14.776593 v _0849_/X (sky130_fd_sc_hd__or3_2)
                                                         _0397_ (net)
                      0.228259    0.000000   14.776593 v _0854_/A1 (sky130_fd_sc_hd__a21o_2)
     3    0.008864    0.087562    0.446613   15.223207 v _0854_/X (sky130_fd_sc_hd__a21o_2)
                                                         _0402_ (net)
                      0.087562    0.000000   15.223207 v _0883_/A4 (sky130_fd_sc_hd__a41o_2)
     3    0.008881    0.097231    0.525477   15.748683 v _0883_/X (sky130_fd_sc_hd__a41o_2)
                                                         _0430_ (net)
                      0.097231    0.000000   15.748683 v _0885_/B1 (sky130_fd_sc_hd__a21o_2)
     2    0.006044    0.075552    0.368152   16.116835 v _0885_/X (sky130_fd_sc_hd__a21o_2)
                                                         _0432_ (net)
                      0.075552    0.000000   16.116835 v _0888_/B (sky130_fd_sc_hd__and3b_2)
     3    0.009656    0.105572    0.447699   16.564533 v _0888_/X (sky130_fd_sc_hd__and3b_2)
                                                         _0435_ (net)
                      0.105572    0.000000   16.564533 v _0932_/C (sky130_fd_sc_hd__or4_2)
     1    0.004241    0.231842    1.477316   18.041849 v _0932_/X (sky130_fd_sc_hd__or4_2)
                                                         _0474_ (net)
                      0.231842    0.000000   18.041849 v _0933_/B (sky130_fd_sc_hd__nand2_2)
     1    0.008492    0.113808    0.201524   18.243374 ^ _0933_/Y (sky130_fd_sc_hd__nand2_2)
                                                         _0475_ (net)
                      0.113808    0.000000   18.243374 ^ _0934_/B (sky130_fd_sc_hd__xnor2_2)
     1    0.002554    0.150659    0.196193   18.439568 ^ _0934_/Y (sky130_fd_sc_hd__xnor2_2)
                                                         _0476_ (net)
                      0.150659    0.000000   18.439568 ^ _0935_/A2 (sky130_fd_sc_hd__o21a_2)
     1    0.033442    0.295386    0.438000   18.877567 ^ _0935_/X (sky130_fd_sc_hd__o21a_2)
                                                         uo_out[7] (net)
                      0.295386    0.000000   18.877567 ^ uo_out[7] (out)
                                             18.877567   data arrival time

                      0.150000   20.000000   20.000000   clock clk (rise edge)
                                  0.000000   20.000000   clock network delay (ideal)
                                 -0.250000   19.750002   clock uncertainty
                                  0.000000   19.750002   clock reconvergence pessimism
                                 -4.000000   15.750001   output external delay
                                             15.750001   data required time
---------------------------------------------------------------------------------------------
                                             15.750001   data required time
                                            -18.877567   data arrival time
---------------------------------------------------------------------------------------------
                                             -3.127566   slack (VIOLATED)




===========================================================================
 report_check_types -max_slew -max_cap -max_fanout -violators
============================================================================
======================= nom_ss_100C_1v60 Corner ===================================

max slew

Pin                                        Limit        Slew       Slack
------------------------------------------------------------------------
rst_n                                   0.750000    1.906555   -1.156555 (VIOLATED)
_0552_/C                                0.750000    1.906555   -1.156555 (VIOLATED)
_0553_/A                                0.750000    1.906555   -1.156555 (VIOLATED)
_1068_/RESET_B                          0.750000    1.906555   -1.156555 (VIOLATED)
_1069_/RESET_B                          0.750000    1.906555   -1.156555 (VIOLATED)
_1070_/RESET_B                          0.750000    1.906555   -1.156555 (VIOLATED)
_1071_/RESET_B                          0.750000    1.906555   -1.156555 (VIOLATED)
_1072_/RESET_B                          0.750000    1.906555   -1.156555 (VIOLATED)
_1073_/RESET_B                          0.750000    1.906555   -1.156555 (VIOLATED)
_1074_/RESET_B                          0.750000    1.906555   -1.156555 (VIOLATED)
_1075_/RESET_B                          0.750000    1.906555   -1.156555 (VIOLATED)
_1076_/RESET_B                          0.750000    1.906555   -1.156555 (VIOLATED)
_1077_/RESET_B                          0.750000    1.906555   -1.156555 (VIOLATED)
_1078_/RESET_B                          0.750000    1.906555   -1.156555 (VIOLATED)
_1079_/RESET_B                          0.750000    1.906555   -1.156555 (VIOLATED)
_1080_/RESET_B                          0.750000    1.906555   -1.156555 (VIOLATED)
_1081_/RESET_B                          0.750000    1.906555   -1.156555 (VIOLATED)
_1082_/RESET_B                          0.750000    1.906555   -1.156555 (VIOLATED)
_1083_/RESET_B                          0.750000    1.906555   -1.156555 (VIOLATED)
_1084_/RESET_B                          0.750000    1.906555   -1.156555 (VIOLATED)
_1085_/RESET_B                          0.750000    1.906555   -1.156555 (VIOLATED)
_1086_/RESET_B                          0.750000    1.906555   -1.156555 (VIOLATED)
_1087_/RESET_B                          0.750000    1.906555   -1.156555 (VIOLATED)
_1088_/RESET_B                          0.750000    1.906555   -1.156555 (VIOLATED)
_1089_/RESET_B                          0.750000    1.906555   -1.156555 (VIOLATED)
_1090_/RESET_B                          0.750000    1.906555   -1.156555 (VIOLATED)
_1091_/RESET_B                          0.750000    1.906555   -1.156555 (VIOLATED)
_1092_/RESET_B                          0.750000    1.906555   -1.156555 (VIOLATED)
_1093_/RESET_B                          0.750000    1.906555   -1.156555 (VIOLATED)
_1094_/RESET_B                          0.750000    1.906555   -1.156555 (VIOLATED)
_1095_/RESET_B                          0.750000    1.906555   -1.156555 (VIOLATED)
_1096_/RESET_B                          0.750000    1.906555   -1.156555 (VIOLATED)
_1097_/RESET_B                          0.750000    1.906555   -1.156555 (VIOLATED)
_1098_/RESET_B                          0.750000    1.906555   -1.156555 (VIOLATED)
_1099_/RESET_B                          0.750000    1.906555   -1.156555 (VIOLATED)
_1100_/RESET_B                          0.750000    1.906555   -1.156555 (VIOLATED)
_1101_/RESET_B                          0.750000    1.906555   -1.156555 (VIOLATED)
_1102_/RESET_B                          0.750000    1.906555   -1.156555 (VIOLATED)
_1103_/RESET_B                          0.750000    1.906555   -1.156555 (VIOLATED)
_1104_/RESET_B                          0.750000    1.906555   -1.156555 (VIOLATED)
_1105_/RESET_B                          0.750000    1.906555   -1.156555 (VIOLATED)
_1106_/RESET_B                          0.750000    1.906555   -1.156555 (VIOLATED)
_1107_/RESET_B                          0.750000    1.906555   -1.156555 (VIOLATED)
_1108_/RESET_B                          0.750000    1.906555   -1.156555 (VIOLATED)
_1109_/RESET_B                          0.750000    1.906555   -1.156555 (VIOLATED)
_1110_/RESET_B                          0.750000    1.906555   -1.156555 (VIOLATED)
_1111_/RESET_B                          0.750000    1.906555   -1.156555 (VIOLATED)
_1112_/RESET_B                          0.750000    1.906555   -1.156555 (VIOLATED)
_1113_/RESET_B                          0.750000    1.906555   -1.156555 (VIOLATED)
_1114_/RESET_B                          0.750000    1.906555   -1.156555 (VIOLATED)
_1115_/RESET_B                          0.750000    1.906555   -1.156555 (VIOLATED)
_1116_/RESET_B                          0.750000    1.906555   -1.156555 (VIOLATED)
_1117_/RESET_B                          0.750000    1.906555   -1.156555 (VIOLATED)
_1118_/RESET_B                          0.750000    1.906555   -1.156555 (VIOLATED)
_1119_/RESET_B                          0.750000    1.906555   -1.156555 (VIOLATED)
_1120_/RESET_B                          0.750000    1.906555   -1.156555 (VIOLATED)
_1121_/RESET_B                          0.750000    1.906555   -1.156555 (VIOLATED)
_1122_/RESET_B                          0.750000    1.906555   -1.156555 (VIOLATED)
_1123_/RESET_B                          0.750000    1.906555   -1.156555 (VIOLATED)
_1124_/RESET_B                          0.750000    1.906555   -1.156555 (VIOLATED)
_1125_/RESET_B                          0.750000    1.906555   -1.156555 (VIOLATED)
_1126_/RESET_B                          0.750000    1.906555   -1.156555 (VIOLATED)
_1127_/RESET_B                          0.750000    1.906555   -1.156555 (VIOLATED)
_1128_/RESET_B                          0.750000    1.906555   -1.156555 (VIOLATED)
_1129_/RESET_B                          0.750000    1.906555   -1.156555 (VIOLATED)
_1130_/RESET_B                          0.750000    1.906555   -1.156555 (VIOLATED)
_1131_/RESET_B                          0.750000    1.906555   -1.156555 (VIOLATED)
_1132_/RESET_B                          0.750000    1.906555   -1.156555 (VIOLATED)
_1133_/RESET_B                          0.750000    1.906555   -1.156555 (VIOLATED)
_1134_/RESET_B                          0.750000    1.906555   -1.156555 (VIOLATED)
_1135_/RESET_B                          0.750000    1.906555   -1.156555 (VIOLATED)
_1136_/RESET_B                          0.750000    1.906555   -1.156555 (VIOLATED)
_1137_/RESET_B                          0.750000    1.906555   -1.156555 (VIOLATED)
_1138_/RESET_B                          0.750000    1.906555   -1.156555 (VIOLATED)
_1139_/RESET_B                          0.750000    1.906555   -1.156555 (VIOLATED)
_1140_/RESET_B                          0.750000    1.906555   -1.156555 (VIOLATED)
_1141_/RESET_B                          0.750000    1.906555   -1.156555 (VIOLATED)
_1142_/RESET_B                          0.750000    1.906555   -1.156555 (VIOLATED)
_1143_/RESET_B                          0.750000    1.906555   -1.156555 (VIOLATED)
_1144_/RESET_B                          0.750000    1.906555   -1.156555 (VIOLATED)
_1145_/RESET_B                          0.750000    1.906555   -1.156555 (VIOLATED)
_1146_/RESET_B                          0.750000    1.906555   -1.156555 (VIOLATED)
_1147_/RESET_B                          0.750000    1.906555   -1.156555 (VIOLATED)
_0593_/Y                                0.750000    1.146429   -0.396429 (VIOLATED)
_0643_/A                                0.750000    1.146429   -0.396429 (VIOLATED)
_0684_/A                                0.750000    1.146429   -0.396429 (VIOLATED)
_0740_/A                                0.750000    1.146429   -0.396429 (VIOLATED)
_0764_/A                                0.750000    1.146429   -0.396429 (VIOLATED)
_0780_/A                                0.750000    1.146429   -0.396429 (VIOLATED)
_0795_/A1                               0.750000    1.146429   -0.396429 (VIOLATED)
_0796_/B1                               0.750000    1.146429   -0.396429 (VIOLATED)
_0797_/A1_N                             0.750000    1.146429   -0.396429 (VIOLATED)
_0798_/A_N                              0.750000    1.146429   -0.396429 (VIOLATED)
_0802_/B1                               0.750000    1.146429   -0.396429 (VIOLATED)
_0821_/C1                               0.750000    1.146429   -0.396429 (VIOLATED)
_0838_/A1                               0.750000    1.146429   -0.396429 (VIOLATED)
_0839_/A1                               0.750000    1.146429   -0.396429 (VIOLATED)
_0840_/A                                0.750000    1.146429   -0.396429 (VIOLATED)
_0842_/A                                0.750000    1.146429   -0.396429 (VIOLATED)
_0855_/A                                0.750000    1.146429   -0.396429 (VIOLATED)
_0856_/A1                               0.750000    1.146429   -0.396429 (VIOLATED)
_0922_/A1                               0.750000    1.146429   -0.396429 (VIOLATED)
_0613_/X                                0.750000    1.112075   -0.362075 (VIOLATED)
_0614_/A                                0.750000    1.112075   -0.362075 (VIOLATED)
_0616_/A                                0.750000    1.112075   -0.362075 (VIOLATED)
_0647_/B                                0.750000    1.112075   -0.362075 (VIOLATED)
_0671_/A                                0.750000    1.112075   -0.362075 (VIOLATED)
_0707_/A                                0.750000    1.112075   -0.362075 (VIOLATED)
_0756_/A                                0.750000    1.112075   -0.362075 (VIOLATED)
_0929_/A                                0.750000    1.112075   -0.362075 (VIOLATED)
uo_out[2]                               0.750000    1.087042   -0.337042 (VIOLATED)
_0890_/Y                                0.750000    1.087042   -0.337042 (VIOLATED)
_0762_/Y                                0.750000    0.761182   -0.011182 (VIOLATED)
_0765_/A1                               0.750000    0.761182   -0.011182 (VIOLATED)
_0780_/B                                0.750000    0.761182   -0.011182 (VIOLATED)
_0795_/A2                               0.750000    0.761182   -0.011182 (VIOLATED)
_0796_/C1                               0.750000    0.761182   -0.011182 (VIOLATED)
_0797_/A2_N                             0.750000    0.761182   -0.011182 (VIOLATED)
_0798_/B_N                              0.750000    0.761182   -0.011182 (VIOLATED)
_0811_/A                                0.750000    0.761182   -0.011182 (VIOLATED)

max fanout

Pin                                   Limit Fanout  Slack
---------------------------------------------------------
rst_n                                    10     82    -72 (VIOLATED)
ui_in[5]                                 10     21    -11 (VIOLATED)
ui_in[6]                                 10     21    -11 (VIOLATED)
ui_in[7]                                 10     20    -10 (VIOLATED)
ui_in[4]                                 10     19     -9 (VIOLATED)
_1073_/Q                                 10     19     -9 (VIOLATED)
_0593_/Y                                 10     18     -8 (VIOLATED)
_1074_/Q                                 10     18     -8 (VIOLATED)
_0536_/X                                 10     17     -7 (VIOLATED)
_0594_/X                                 10     14     -4 (VIOLATED)
_1147_/Q                                 10     13     -3 (VIOLATED)
_0576_/Y                                 10     11        (VIOLATED)
_1075_/Q                                 10     11        (VIOLATED)
_1143_/Q                                 10     11        (VIOLATED)
_1145_/Q                                 10     11        (VIOLATED)

max capacitance

Pin                                        Limit         Cap       Slack
------------------------------------------------------------------------
rst_n                                   0.200000    0.277174   -0.077174 (VIOLATED)



===========================================================================
report_parasitic_annotation -report_unannotated
============================================================================
Found 670 unannotated drivers.
 clk
 ena
 rst_n
 ui_in[0]
 ui_in[1]
 ui_in[2]
 ui_in[3]
 ui_in[4]
 ui_in[5]
 ui_in[6]
 ui_in[7]
 uio_in[0]
 uio_in[1]
 uio_in[2]
 uio_in[3]
 uio_in[4]
 uio_in[5]
 uio_in[6]
 uio_in[7]
 _0529_/Y
 _0530_/Y
 _0531_/Y
 _0532_/Y
 _0533_/Y
 _0534_/Y
 _0535_/Y
 _0536_/X
 _0537_/Y
 _0538_/Y
 _0539_/Y
 _0540_/Y
 _0541_/X
 _0542_/X
 _0543_/Y
 _0544_/X
 _0545_/X
 _0546_/X
 _0547_/X
 _0548_/X
 _0549_/X
 _0550_/X
 _0551_/X
 _0552_/X
 _0553_/Y
 _0554_/X
 _0555_/X
 _0556_/X
 _0557_/Y
 _0558_/Y
 _0559_/X
 _0560_/Y
 _0561_/Y
 _0562_/X
 _0563_/Y
 _0564_/X
 _0565_/X
 _0566_/X
 _0567_/X
 _0568_/X
 _0569_/X
 _0570_/X
 _0571_/X
 _0572_/X
 _0573_/Y
 _0574_/Y
 _0575_/X
 _0576_/Y
 _0577_/X
 _0578_/Y
 _0579_/X
 _0580_/Y
 _0581_/X
 _0582_/X
 _0583_/X
 _0584_/X
 _0585_/X
 _0586_/X
 _0587_/X
 _0588_/X
 _0589_/X
 _0590_/Y
 _0591_/X
 _0592_/X
 _0593_/Y
 _0594_/X
 _0595_/X
 _0596_/Y
 _0597_/Y
 _0598_/X
 _0599_/X
 _0600_/X
 _0601_/Y
 _0602_/X
 _0603_/X
 _0604_/X
 _0605_/X
 _0606_/X
 _0607_/X
 _0608_/X
 _0609_/X
 _0610_/X
 _0611_/X
 _0612_/Y
 _0613_/X
 _0614_/Y
 _0615_/Y
 _0616_/Y
 _0617_/Y
 _0618_/Y
 _0619_/Y
 _0620_/Y
 _0621_/Y
 _0622_/Y
 _0623_/X
 _0624_/Y
 _0625_/X
 _0626_/X
 _0627_/X
 _0628_/X
 _0629_/Y
 _0630_/X
 _0631_/Y
 _0632_/Y
 _0633_/X
 _0634_/Y
 _0635_/X
 _0636_/Y
 _0637_/X
 _0638_/X
 _0639_/Y
 _0640_/X
 _0641_/X
 _0642_/Y
 _0643_/Y
 _0644_/X
 _0645_/Y
 _0646_/X
 _0647_/Y
 _0648_/Y
 _0649_/X
 _0650_/Y
 _0651_/X
 _0652_/Y
 _0653_/Y
 _0654_/X
 _0655_/Y
 _0656_/Y
 _0657_/Y
 _0658_/Y
 _0659_/X
 _0660_/X
 _0661_/X
 _0662_/Y
 _0663_/Y
 _0664_/X
 _0665_/X
 _0666_/X
 _0667_/X
 _0668_/Y
 _0669_/Y
 _0670_/Y
 _0671_/X
 _0672_/X
 _0673_/X
 _0674_/Y
 _0675_/Y
 _0676_/X
 _0677_/X
 _0678_/Y
 _0679_/X
 _0680_/Y
 _0681_/Y
 _0682_/Y
 _0683_/Y
 _0684_/X
 _0685_/Y
 _0686_/X
 _0687_/X
 _0688_/Y
 _0689_/Y
 _0690_/Y
 _0691_/X
 _0692_/Y
 _0693_/X
 _0694_/Y
 _0695_/Y
 _0696_/X
 _0697_/X
 _0698_/X
 _0699_/X
 _0700_/X
 _0701_/Y
 _0702_/Y
 _0703_/X
 _0704_/X
 _0705_/Y
 _0706_/Y
 _0707_/X
 _0708_/X
 _0709_/X
 _0710_/Y
 _0711_/X
 _0712_/X
 _0713_/Y
 _0714_/Y
 _0715_/X
 _0716_/X
 _0717_/Y
 _0718_/X
 _0719_/Y
 _0720_/Y
 _0721_/X
 _0722_/X
 _0723_/X
 _0724_/Y
 _0725_/X
 _0726_/Y
 _0727_/X
 _0728_/Y
 _0729_/X
 _0730_/Y
 _0731_/X
 _0732_/Y
 _0733_/Y
 _0734_/Y
 _0735_/X
 _0736_/X
 _0737_/Y
 _0738_/X
 _0739_/X
 _0740_/X
 _0741_/Y
 _0742_/X
 _0743_/Y
 _0744_/Y
 _0745_/Y
 _0746_/X
 _0747_/Y
 _0748_/X
 _0749_/Y
 _0750_/Y
 _0751_/Y
 _0752_/Y
 _0753_/X
 _0754_/Y
 _0755_/X
 _0756_/X
 _0757_/Y
 _0758_/Y
 _0759_/Y
 _0760_/Y
 _0761_/Y
 _0762_/Y
 _0763_/X
 _0764_/Y
 _0765_/Y
 _0766_/X
 _0767_/Y
 _0768_/X
 _0769_/X
 _0770_/Y
 _0771_/X
 _0772_/X
 _0773_/Y
 _0774_/X
 _0775_/X
 _0776_/Y
 _0777_/Y
 _0778_/X
 _0779_/Y
 _0780_/Y
 _0781_/Y
 _0782_/Y
 _0783_/X
 _0784_/X
 _0785_/X
 _0786_/Y
 _0787_/Y
 _0788_/Y
 _0789_/X
 _0790_/X
 _0791_/Y
 _0792_/Y
 _0793_/X
 _0794_/Y
 _0795_/Y
 _0796_/X
 _0797_/Y
 _0798_/X
 _0799_/X
 _0800_/X
 _0801_/Y
 _0802_/X
 _0803_/Y
 _0804_/Y
 _0805_/Y
 _0806_/Y
 _0807_/X
 _0808_/X
 _0809_/Y
 _0810_/X
 _0811_/X
 _0812_/Y
 _0813_/X
 _0814_/Y
 _0815_/Y
 _0816_/Y
 _0817_/X
 _0818_/Y
 _0819_/X
 _0820_/Y
 _0821_/X
 _0822_/Y
 _0823_/X
 _0824_/X
 _0825_/X
 _0826_/Y
 _0827_/X
 _0828_/Y
 _0829_/Y
 _0830_/X
 _0831_/Y
 _0832_/Y
 _0833_/Y
 _0834_/X
 _0835_/Y
 _0836_/X
 _0837_/Y
 _0838_/Y
 _0839_/X
 _0840_/Y
 _0841_/X
 _0842_/Y
 _0843_/Y
 _0844_/Y
 _0845_/X
 _0846_/Y
 _0847_/Y
 _0848_/X
 _0849_/X
 _0850_/Y
 _0851_/Y
 _0852_/X
 _0853_/Y
 _0854_/X
 _0855_/X
 _0856_/Y
 _0857_/X
 _0858_/Y
 _0859_/X
 _0860_/X
 _0861_/X
 _0862_/Y
 _0863_/Y
 _0864_/Y
 _0865_/Y
 _0866_/Y
 _0867_/X
 _0868_/X
 _0869_/Y
 _0870_/Y
 _0871_/Y
 _0872_/Y
 _0873_/X
 _0874_/Y
 _0875_/Y
 _0876_/X
 _0877_/Y
 _0878_/Y
 _0879_/X
 _0880_/Y
 _0881_/Y
 _0882_/X
 _0883_/X
 _0884_/Y
 _0885_/X
 _0886_/X
 _0887_/Y
 _0888_/X
 _0889_/Y
 _0890_/Y
 _0891_/X
 _0892_/X
 _0893_/Y
 _0894_/Y
 _0895_/Y
 _0896_/X
 _0897_/X
 _0898_/Y
 _0899_/X
 _0900_/X
 _0901_/Y
 _0902_/X
 _0903_/Y
 _0904_/Y
 _0905_/Y
 _0906_/X
 _0907_/Y
 _0908_/Y
 _0909_/X
 _0910_/X
 _0911_/X
 _0912_/X
 _0913_/X
 _0914_/Y
 _0915_/Y
 _0916_/X
 _0917_/Y
 _0918_/Y
 _0919_/X
 _0920_/X
 _0921_/Y
 _0922_/Y
 _0923_/Y
 _0924_/Y
 _0925_/Y
 _0926_/X
 _0927_/Y
 _0928_/X
 _0929_/Y
 _0930_/Y
 _0931_/Y
 _0932_/X
 _0933_/Y
 _0934_/Y
 _0935_/X
 _0936_/X
 _0937_/Y
 _0938_/Y
 _0939_/X
 _0940_/Y
 _0941_/Y
 _0942_/X
 _0943_/X
 _0944_/Y
 _0945_/X
 _0946_/X
 _0947_/Y
 _0948_/X
 _0949_/Y
 _0950_/X
 _0951_/X
 _0952_/Y
 _0953_/Y
 _0954_/X
 _0955_/Y
 _0956_/X
 _0957_/X
 _0958_/Y
 _0959_/Y
 _0960_/Y
 _0961_/X
 _0962_/X
 _0963_/X
 _0964_/Y
 _0965_/X
 _0966_/X
 _0967_/Y
 _0968_/X
 _0969_/X
 _0970_/X
 _0971_/X
 _0972_/X
 _0973_/X
 _0974_/X
 _0975_/Y
 _0976_/Y
 _0977_/X
 _0978_/Y
 _0979_/X
 _0980_/X
 _0981_/Y
 _0982_/X
 _0983_/Y
 _0984_/X
 _0985_/X
 _0986_/X
 _0987_/X
 _0988_/X
 _0989_/X
 _0990_/X
 _0991_/X
 _0992_/X
 _0993_/X
 _0994_/X
 _0995_/X
 _0996_/X
 _0997_/X
 _0998_/X
 _0999_/X
 _1000_/X
 _1001_/X
 _1002_/X
 _1003_/X
 _1004_/X
 _1005_/Y
 _1006_/X
 _1007_/X
 _1008_/X
 _1009_/X
 _1010_/X
 _1011_/X
 _1012_/Y
 _1013_/X
 _1014_/X
 _1015_/X
 _1016_/X
 _1017_/X
 _1018_/Y
 _1019_/X
 _1020_/X
 _1021_/X
 _1022_/X
 _1023_/X
 _1024_/X
 _1025_/X
 _1026_/X
 _1027_/X
 _1028_/X
 _1029_/X
 _1030_/X
 _1031_/X
 _1032_/X
 _1033_/Y
 _1034_/X
 _1035_/X
 _1036_/X
 _1037_/X
 _1038_/Y
 _1039_/X
 _1040_/X
 _1041_/X
 _1042_/X
 _1043_/X
 _1044_/X
 _1045_/X
 _1046_/X
 _1047_/X
 _1048_/X
 _1049_/X
 _1050_/X
 _1051_/X
 _1052_/X
 _1053_/Y
 _1054_/X
 _1055_/X
 _1056_/X
 _1057_/X
 _1058_/Y
 _1059_/X
 _1060_/X
 _1061_/X
 _1062_/X
 _1063_/X
 _1064_/X
 _1065_/X
 _1066_/X
 _1067_/X
 _1068_/Q
 _1069_/Q
 _1070_/Q
 _1071_/Q
 _1072_/Q
 _1073_/Q
 _1074_/Q
 _1075_/Q
 _1076_/Q
 _1077_/Q
 _1078_/Q
 _1079_/Q
 _1080_/Q
 _1081_/Q
 _1082_/Q
 _1083_/Q
 _1084_/Q
 _1085_/Q
 _1086_/Q
 _1087_/Q
 _1088_/Q
 _1089_/Q
 _1090_/Q
 _1091_/Q
 _1092_/Q
 _1093_/Q
 _1094_/Q
 _1095_/Q
 _1096_/Q
 _1097_/Q
 _1098_/Q
 _1099_/Q
 _1100_/Q
 _1101_/Q
 _1102_/Q
 _1103_/Q
 _1104_/Q
 _1105_/Q
 _1106_/Q
 _1107_/Q
 _1108_/Q
 _1109_/Q
 _1110_/Q
 _1111_/Q
 _1112_/Q
 _1113_/Q
 _1114_/Q
 _1115_/Q
 _1116_/Q
 _1117_/Q
 _1118_/Q
 _1119_/Q
 _1120_/Q
 _1121_/Q
 _1122_/Q
 _1123_/Q
 _1124_/Q
 _1125_/Q
 _1126_/Q
 _1127_/Q
 _1128_/Q
 _1129_/Q
 _1130_/Q
 _1131_/Q
 _1132_/Q
 _1133_/Q
 _1134_/Q
 _1135_/Q
 _1136_/Q
 _1137_/Q
 _1138_/Q
 _1139_/Q
 _1140_/Q
 _1141_/Q
 _1142_/Q
 _1143_/Q
 _1144_/Q
 _1145_/Q
 _1146_/Q
 _1147_/Q
 _1148_/HI
 _1148_/LO
 _1149_/HI
 _1149_/LO
 _1150_/HI
 _1150_/LO
 _1151_/HI
 _1151_/LO
 _1152_/HI
 _1152_/LO
 _1153_/HI
 _1153_/LO
 _1154_/HI
 _1154_/LO
 _1155_/HI
 _1155_/LO
 _1156_/HI
 _1156_/LO
 _1157_/HI
 _1157_/LO
 _1158_/HI
 _1158_/LO
 _1159_/HI
 _1159_/LO
 _1160_/HI
 _1160_/LO
 _1161_/HI
 _1161_/LO
 _1162_/HI
 _1162_/LO
 _1163_/HI
 _1163_/LO
Found 0 partially unannotated drivers.

===========================================================================
max slew violation count 120
max fanout violation count 15
max cap violation count 1
============================================================================

===========================================================================
check_setup -verbose -unconstrained_endpoints -multiple_clock -no_clock -no_input_delay -loops -generated_clocks
===========================================================================
Warning: There are 16 unconstrained endpoints.
  uio_oe[0]
  uio_oe[1]
  uio_oe[2]
  uio_oe[3]
  uio_oe[4]
  uio_oe[5]
  uio_oe[6]
  uio_oe[7]
  uio_out[0]
  uio_out[1]
  uio_out[2]
  uio_out[3]
  uio_out[4]
  uio_out[5]
  uio_out[6]
  uio_out[7]
