Clock: clk
Sources: clk 
Generated: no
Virtual: no
Propagated: no
Period: 20.000000

===========================================================================
report_clock_properties
============================================================================
Clock                   Period          Waveform
----------------------------------------------------
clk                  20.000000    0.000000 10.000000

===========================================================================
report_clock_latency
============================================================================
Clock clk
rise -> rise
    min     max
0.000000 0.000000 source latency
0.711693         network latency _1068_/CLK
        0.711693 network latency _1068_/CLK
---------------
0.711693 0.711693 latency
        0.000000 skew

fall -> fall
    min     max
0.000000 0.000000 source latency
0.394786         network latency _1068_/CLK
        0.394786 network latency _1068_/CLK
---------------
0.394786 0.394786 latency
        0.000000 skew



===========================================================================
report_clock_min_period
============================================================================
clk period_min = 4.65 fmax = 214.95
