                                                                        Cells by Master                                                                         
┏━━━━━━━━━━━━━━━━━━━━━━━━━━━━━━━━━━━━━━━━━━━━━━━━━━━━━━━━━━━━━━━━━━━━━━━━━━━━━━━━━━━━━━━━━━━━━━━━━━━━━━━━━━━━━━━━━━━━━━━━━━━━━━━━━━┳━━━━━━━━━━━━━━━━━━━━━━━━━━━┓
┃ Cell                                                                                                                             ┃ Count                     ┃
┡━━━━━━━━━━━━━━━━━━━━━━━━━━━━━━━━━━━━━━━━━━━━━━━━━━━━━━━━━━━━━━━━━━━━━━━━━━━━━━━━━━━━━━━━━━━━━━━━━━━━━━━━━━━━━━━━━━━━━━━━━━━━━━━━━━╇━━━━━━━━━━━━━━━━━━━━━━━━━━━┩
│ sky130_ef_sc_hd__decap_12                                                                                                        │ 340                       │
│ sky130_fd_sc_hd__a2111o_1                                                                                                        │ 1                         │
│ sky130_fd_sc_hd__a211o_1                                                                                                         │ 2                         │
│ sky130_fd_sc_hd__a21bo_1                                                                                                         │ 5                         │
│ sky130_fd_sc_hd__a21boi_1                                                                                                        │ 1                         │
│ sky130_fd_sc_hd__a21o_1                                                                                                          │ 25                        │
│ sky130_fd_sc_hd__a21oi_1                                                                                                         │ 8                         │
│ sky130_fd_sc_hd__a221o_1                                                                                                         │ 5                         │
│ sky130_fd_sc_hd__a22o_1                                                                                                          │ 26                        │
│ sky130_fd_sc_hd__a2bb2o_1                                                                                                        │ 3                         │
│ sky130_fd_sc_hd__a31o_1                                                                                                          │ 5                         │
│ sky130_fd_sc_hd__a31oi_1                                                                                                         │ 1                         │
│ sky130_fd_sc_hd__and2_1                                                                                                          │ 13                        │
│ sky130_fd_sc_hd__and2_2                                                                                                          │ 9                         │
│ sky130_fd_sc_hd__and2b_1                                                                                                         │ 4                         │
│ sky130_fd_sc_hd__and3_1                                                                                                          │ 7                         │
│ sky130_fd_sc_hd__and3_2                                                                                                          │ 1                         │
│ sky130_fd_sc_hd__and4_1                                                                                                          │ 1                         │
│ sky130_fd_sc_hd__and4b_1                                                                                                         │ 3                         │
│ sky130_fd_sc_hd__and4b_2                                                                                                         │ 2                         │
│ sky130_fd_sc_hd__and4bb_1                                                                                                        │ 5                         │
│ sky130_fd_sc_hd__and4bb_2                                                                                                        │ 1                         │
│ sky130_fd_sc_hd__buf_1                                                                                                           │ 5                         │
│ sky130_fd_sc_hd__buf_2                                                                                                           │ 15                        │
│ sky130_fd_sc_hd__buf_4                                                                                                           │ 1                         │
│ sky130_fd_sc_hd__bufinv_16                                                                                                       │ 1                         │
│ sky130_fd_sc_hd__clkbuf_1                                                                                                        │ 4                         │
│ sky130_fd_sc_hd__clkbuf_16                                                                                                       │ 9                         │
│ sky130_fd_sc_hd__clkbuf_2                                                                                                        │ 12                        │
│ sky130_fd_sc_hd__clkbuf_4                                                                                                        │ 15                        │
│ sky130_fd_sc_hd__clkinv_4                                                                                                        │ 1                         │
│ sky130_fd_sc_hd__clkinvlp_4                                                                                                      │ 1                         │
│ sky130_fd_sc_hd__conb_1                                                                                                          │ 16                        │
│ sky130_fd_sc_hd__decap_3                                                                                                         │ 159                       │
│ sky130_fd_sc_hd__decap_4                                                                                                         │ 90                        │
│ sky130_fd_sc_hd__decap_6                                                                                                         │ 82                        │
│ sky130_fd_sc_hd__decap_8                                                                                                         │ 82                        │
│ sky130_fd_sc_hd__dfrtp_1                                                                                                         │ 81                        │
│ sky130_fd_sc_hd__dfrtp_2                                                                                                         │ 3                         │
│ sky130_fd_sc_hd__dfrtp_4                                                                                                         │ 5                         │
│ sky130_fd_sc_hd__dlygate4sd3_1                                                                                                   │ 65                        │
│ sky130_fd_sc_hd__dlymetal6s2s_1                                                                                                  │ 2                         │
│ sky130_fd_sc_hd__fill_1                                                                                                          │ 178                       │
│ sky130_fd_sc_hd__fill_2                                                                                                          │ 107                       │
│ sky130_fd_sc_hd__inv_2                                                                                                           │ 7                         │
│ sky130_fd_sc_hd__inv_6                                                                                                           │ 2                         │
│ sky130_fd_sc_hd__inv_8                                                                                                           │ 1                         │
│ sky130_fd_sc_hd__mux2_1                                                                                                          │ 75                        │
│ sky130_fd_sc_hd__mux2_2                                                                                                          │ 1                         │
│ sky130_fd_sc_hd__nand2_1                                                                                                         │ 21                        │
│ sky130_fd_sc_hd__nand2_2                                                                                                         │ 9                         │
│ sky130_fd_sc_hd__nand2_4                                                                                                         │ 1                         │
│ sky130_fd_sc_hd__nand2b_1                                                                                                        │ 2                         │
│ sky130_fd_sc_hd__nand2b_2                                                                                                        │ 4                         │
│ sky130_fd_sc_hd__nand3_1                                                                                                         │ 12                        │
│ sky130_fd_sc_hd__nand3_2                                                                                                         │ 1                         │
│ sky130_fd_sc_hd__nand3b_2                                                                                                        │ 1                         │
│ sky130_fd_sc_hd__nand3b_4                                                                                                        │ 1                         │
│ sky130_fd_sc_hd__nand4_1                                                                                                         │ 1                         │
│ sky130_fd_sc_hd__nand4_2                                                                                                         │ 1                         │
│ sky130_fd_sc_hd__nor2_1                                                                                                          │ 22                        │
│ sky130_fd_sc_hd__nor2_2                                                                                                          │ 13                        │
│ sky130_fd_sc_hd__nor3_1                                                                                                          │ 1                         │
│ sky130_fd_sc_hd__nor3_2                                                                                                          │ 1                         │
│ sky130_fd_sc_hd__nor4b_1                                                                                                         │ 4                         │
│ sky130_fd_sc_hd__o211a_1                                                                                                         │ 6                         │
│ sky130_fd_sc_hd__o211ai_1                                                                                                        │ 1                         │
│ sky130_fd_sc_hd__o21a_1                                                                                                          │ 2                         │
│ sky130_fd_sc_hd__o21ai_1                                                                                                         │ 5                         │
│ sky130_fd_sc_hd__o21ai_2                                                                                                         │ 1                         │
│ sky130_fd_sc_hd__o21ai_4                                                                                                         │ 1                         │
│ sky130_fd_sc_hd__o21ba_1                                                                                                         │ 1                         │
│ sky130_fd_sc_hd__o21bai_1                                                                                                        │ 1                         │
│ sky130_fd_sc_hd__o21bai_2                                                                                                        │ 1                         │
│ sky130_fd_sc_hd__o221a_1                                                                                                         │ 6                         │
│ sky130_fd_sc_hd__o221ai_4                                                                                                        │ 1                         │
│ sky130_fd_sc_hd__o22ai_1                                                                                                         │ 1                         │
│ sky130_fd_sc_hd__o2bb2a_1                                                                                                        │ 2                         │
│ sky130_fd_sc_hd__o31a_1                                                                                                          │ 2                         │
│ sky130_fd_sc_hd__or2_1                                                                                                           │ 9                         │
│ sky130_fd_sc_hd__or2_2                                                                                                           │ 3                         │
│ sky130_fd_sc_hd__or3_1                                                                                                           │ 2                         │
│ sky130_fd_sc_hd__or3_2                                                                                                           │ 2                         │
│ sky130_fd_sc_hd__or3b_1                                                                                                          │ 2                         │
│ sky130_fd_sc_hd__or3b_2                                                                                                          │ 1                         │
│ sky130_fd_sc_hd__or3b_4                                                                                                          │ 1                         │
│ sky130_fd_sc_hd__or4_1                                                                                                           │ 7                         │
│ sky130_fd_sc_hd__or4_4                                                                                                           │ 1                         │
│ sky130_fd_sc_hd__tapvpwrvgnd_1                                                                                                   │ 225                       │
│ sky130_fd_sc_hd__xnor2_1                                                                                                         │ 58                        │
│ sky130_fd_sc_hd__xnor2_2                                                                                                         │ 29                        │
│ sky130_fd_sc_hd__xnor2_4                                                                                                         │ 12                        │
│ sky130_fd_sc_hd__xor2_1                                                                                                          │ 17                        │
│ sky130_fd_sc_hd__xor2_2                                                                                                          │ 4                         │
│ sky130_fd_sc_hd__xor2_4                                                                                                          │ 3                         │
└──────────────────────────────────────────────────────────────────────────────────────────────────────────────────────────────────┴───────────────────────────┘
