
===========================================================================
report_checks -unconstrained
===========================================================================
======================= nom_ss_100C_1v60 Corner ===================================

Startpoint: rst_n (input port clocked by clk)
Endpoint: _0966_ (recovery check against rising-edge clock clk)
Path Group: asynchronous
Path Type: max

Fanout         Cap        Slew       Delay        Time   Description
---------------------------------------------------------------------------------------------
                      0.150000    0.000000    0.000000   clock clk (rise edge)
                                  0.000000    0.000000   clock network delay (ideal)
                                  4.000000    4.000000 ^ input external delay
    90    0.291923    2.079733    1.460286    5.460286 ^ rst_n (in)
                                                         rst_n (net)
                      2.079733    0.000000    5.460286 ^ _0966_/RESET_B (sky130_fd_sc_hd__dfrtp_2)
                                              5.460286   data arrival time

                      0.150000   20.000000   20.000000   clock clk (rise edge)
                                  0.000000   20.000000   clock network delay (ideal)
                                 -0.250000   19.750002   clock uncertainty
                                  0.000000   19.750002   clock reconvergence pessimism
                                             19.750002 ^ _0966_/CLK (sky130_fd_sc_hd__dfrtp_2)
                                 -0.382826   19.367174   library recovery time
                                             19.367174   data required time
---------------------------------------------------------------------------------------------
                                             19.367174   data required time
                                             -5.460286   data arrival time
---------------------------------------------------------------------------------------------
                                             13.906888   slack (MET)


Startpoint: rst_n (input port clocked by clk)
Endpoint: _1046_ (rising edge-triggered flip-flop clocked by clk)
Path Group: clk
Path Type: max

Fanout         Cap        Slew       Delay        Time   Description
---------------------------------------------------------------------------------------------
                      0.150000    0.000000    0.000000   clock clk (rise edge)
                                  0.000000    0.000000   clock network delay (ideal)
                                  4.000000    4.000000 ^ input external delay
    90    0.291923    2.079733    1.460286    5.460286 ^ rst_n (in)
                                                         rst_n (net)
                      2.079733    0.000000    5.460286 ^ _0520_/C (sky130_fd_sc_hd__and3_2)
     4    0.013739    0.185390    0.937928    6.398214 ^ _0520_/X (sky130_fd_sc_hd__and3_2)
                                                         _0122_ (net)
                      0.185390    0.000000    6.398214 ^ _0521_/C1 (sky130_fd_sc_hd__o211a_2)
     1    0.008492    0.127916    0.434763    6.832977 ^ _0521_/X (sky130_fd_sc_hd__o211a_2)
                                                         _0123_ (net)
                      0.127916    0.000000    6.832977 ^ _0522_/B (sky130_fd_sc_hd__xnor2_2)
    10    0.061709    1.219461    0.522698    7.355675 ^ _0522_/Y (sky130_fd_sc_hd__xnor2_2)
                                                         _0124_ (net)
                      1.219461    0.000000    7.355675 ^ _0568_/B (sky130_fd_sc_hd__xnor2_2)
    11    0.043806    0.494102    0.749036    8.104711 v _0568_/Y (sky130_fd_sc_hd__xnor2_2)
                                                         _0170_ (net)
                      0.494102    0.000000    8.104711 v _0684_/B (sky130_fd_sc_hd__or2_2)
     4    0.012314    0.165015    0.876304    8.981015 v _0684_/X (sky130_fd_sc_hd__or2_2)
                                                         _0286_ (net)
                      0.165015    0.000000    8.981015 v _0696_/A (sky130_fd_sc_hd__and3_2)
     1    0.001280    0.063745    0.386684    9.367700 v _0696_/X (sky130_fd_sc_hd__and3_2)
                                                         _0298_ (net)
                      0.063745    0.000000    9.367700 v _0697_/B (sky130_fd_sc_hd__or2_2)
     4    0.021094    0.205923    0.751903   10.119603 v _0697_/X (sky130_fd_sc_hd__or2_2)
                                                         _0299_ (net)
                      0.205923    0.000000   10.119603 v _0701_/A2 (sky130_fd_sc_hd__o211a_2)
     1    0.002258    0.067966    0.492799   10.612402 v _0701_/X (sky130_fd_sc_hd__o211a_2)
                                                         _0303_ (net)
                      0.067966    0.000000   10.612402 v _0702_/B1 (sky130_fd_sc_hd__a21o_2)
     2    0.011394    0.098321    0.384996   10.997398 v _0702_/X (sky130_fd_sc_hd__a21o_2)
                                                         _0304_ (net)
                      0.098321    0.000000   10.997398 v _0727_/S (sky130_fd_sc_hd__mux2_1)
     1    0.008219    0.165944    0.769838   11.767236 v _0727_/X (sky130_fd_sc_hd__mux2_1)
                                                         _0329_ (net)
                      0.165944    0.000000   11.767236 v _0728_/B (sky130_fd_sc_hd__xnor2_2)
     3    0.025626    0.568463    0.523875   12.291111 ^ _0728_/Y (sky130_fd_sc_hd__xnor2_2)
                                                         _0330_ (net)
                      0.568463    0.000000   12.291111 ^ _0729_/B (sky130_fd_sc_hd__xor2_2)
     3    0.018191    0.407486    0.543465   12.834576 ^ _0729_/X (sky130_fd_sc_hd__xor2_2)
                                                         _0331_ (net)
                      0.407486    0.000000   12.834576 ^ _0731_/B1 (sky130_fd_sc_hd__o22ai_2)
     2    0.005534    0.146762    0.277666   13.112242 v _0731_/Y (sky130_fd_sc_hd__o22ai_2)
                                                         _0333_ (net)
                      0.146762    0.000000   13.112242 v _0733_/B (sky130_fd_sc_hd__and2_2)
     2    0.003043    0.072543    0.429398   13.541639 v _0733_/X (sky130_fd_sc_hd__and2_2)
                                                         _0335_ (net)
                      0.072543    0.000000   13.541639 v _0784_/B (sky130_fd_sc_hd__or2_2)
     1    0.008431    0.145008    0.668664   14.210303 v _0784_/X (sky130_fd_sc_hd__or2_2)
                                                         _0384_ (net)
                      0.145008    0.000000   14.210303 v _0787_/A (sky130_fd_sc_hd__xnor2_2)
     4    0.021987    0.244935    0.385598   14.595901 v _0787_/Y (sky130_fd_sc_hd__xnor2_2)
                                                         _0387_ (net)
                      0.244935    0.000000   14.595901 v _0789_/B (sky130_fd_sc_hd__and2_2)
     1    0.001280    0.063195    0.462999   15.058900 v _0789_/X (sky130_fd_sc_hd__and2_2)
                                                         _0389_ (net)
                      0.063195    0.000000   15.058900 v _0790_/B (sky130_fd_sc_hd__or2_2)
     2    0.012647    0.166557    0.697463   15.756364 v _0790_/X (sky130_fd_sc_hd__or2_2)
                                                         _0390_ (net)
                      0.166557    0.000000   15.756364 v _0792_/A (sky130_fd_sc_hd__xnor2_2)
     1    0.008431    0.130804    0.305704   16.062067 v _0792_/Y (sky130_fd_sc_hd__xnor2_2)
                                                         _0392_ (net)
                      0.130804    0.000000   16.062067 v _0794_/A (sky130_fd_sc_hd__xnor2_2)
     3    0.017034    0.413090    0.436939   16.499006 ^ _0794_/Y (sky130_fd_sc_hd__xnor2_2)
                                                         _0394_ (net)
                      0.413090    0.000000   16.499006 ^ _0839_/S (sky130_fd_sc_hd__mux2_1)
     2    0.006422    0.150151    0.857598   17.356606 v _0839_/X (sky130_fd_sc_hd__mux2_1)
                                                         _0434_ (net)
                      0.150151    0.000000   17.356606 v _0841_/A2 (sky130_fd_sc_hd__a21o_2)
     1    0.002251    0.055414    0.401132   17.757736 v _0841_/X (sky130_fd_sc_hd__a21o_2)
                                                         _0436_ (net)
                      0.055414    0.000000   17.757736 v _0842_/B2 (sky130_fd_sc_hd__o221a_2)
     1    0.001838    0.073833    0.413399   18.171137 v _0842_/X (sky130_fd_sc_hd__o221a_2)
                                                         _0011_ (net)
                      0.073833    0.000000   18.171137 v _1046_/D (sky130_fd_sc_hd__dfrtp_2)
                                             18.171137   data arrival time

                      0.150000   20.000000   20.000000   clock clk (rise edge)
                                  0.000000   20.000000   clock network delay (ideal)
                                 -0.250000   19.750002   clock uncertainty
                                  0.000000   19.750002   clock reconvergence pessimism
                                             19.750002 ^ _1046_/CLK (sky130_fd_sc_hd__dfrtp_2)
                                 -0.256888   19.493113   library setup time
                                             19.493113   data required time
---------------------------------------------------------------------------------------------
                                             19.493113   data required time
                                            -18.171137   data arrival time
---------------------------------------------------------------------------------------------
                                              1.321977   slack (MET)




===========================================================================
report_checks --slack_max -0.01
============================================================================
======================= nom_ss_100C_1v60 Corner ===================================

No paths found.


===========================================================================
 report_check_types -max_slew -max_cap -max_fanout -violators
============================================================================
======================= nom_ss_100C_1v60 Corner ===================================

max slew

Pin                                        Limit        Slew       Slack
------------------------------------------------------------------------
rst_n                                   0.750000    2.079733   -1.329733 (VIOLATED)
_0520_/C                                0.750000    2.079733   -1.329733 (VIOLATED)
_0966_/RESET_B                          0.750000    2.079733   -1.329733 (VIOLATED)
_0967_/RESET_B                          0.750000    2.079733   -1.329733 (VIOLATED)
_0968_/RESET_B                          0.750000    2.079733   -1.329733 (VIOLATED)
_0969_/RESET_B                          0.750000    2.079733   -1.329733 (VIOLATED)
_0970_/RESET_B                          0.750000    2.079733   -1.329733 (VIOLATED)
_0971_/RESET_B                          0.750000    2.079733   -1.329733 (VIOLATED)
_0972_/RESET_B                          0.750000    2.079733   -1.329733 (VIOLATED)
_0973_/RESET_B                          0.750000    2.079733   -1.329733 (VIOLATED)
_0974_/RESET_B                          0.750000    2.079733   -1.329733 (VIOLATED)
_0975_/RESET_B                          0.750000    2.079733   -1.329733 (VIOLATED)
_0976_/RESET_B                          0.750000    2.079733   -1.329733 (VIOLATED)
_0977_/RESET_B                          0.750000    2.079733   -1.329733 (VIOLATED)
_0978_/RESET_B                          0.750000    2.079733   -1.329733 (VIOLATED)
_0979_/RESET_B                          0.750000    2.079733   -1.329733 (VIOLATED)
_0980_/RESET_B                          0.750000    2.079733   -1.329733 (VIOLATED)
_0981_/RESET_B                          0.750000    2.079733   -1.329733 (VIOLATED)
_0982_/RESET_B                          0.750000    2.079733   -1.329733 (VIOLATED)
_0983_/RESET_B                          0.750000    2.079733   -1.329733 (VIOLATED)
_0984_/RESET_B                          0.750000    2.079733   -1.329733 (VIOLATED)
_0985_/RESET_B                          0.750000    2.079733   -1.329733 (VIOLATED)
_0986_/RESET_B                          0.750000    2.079733   -1.329733 (VIOLATED)
_0987_/RESET_B                          0.750000    2.079733   -1.329733 (VIOLATED)
_0988_/RESET_B                          0.750000    2.079733   -1.329733 (VIOLATED)
_0989_/RESET_B                          0.750000    2.079733   -1.329733 (VIOLATED)
_0990_/RESET_B                          0.750000    2.079733   -1.329733 (VIOLATED)
_0991_/RESET_B                          0.750000    2.079733   -1.329733 (VIOLATED)
_0992_/RESET_B                          0.750000    2.079733   -1.329733 (VIOLATED)
_0993_/RESET_B                          0.750000    2.079733   -1.329733 (VIOLATED)
_0994_/RESET_B                          0.750000    2.079733   -1.329733 (VIOLATED)
_0995_/RESET_B                          0.750000    2.079733   -1.329733 (VIOLATED)
_0996_/RESET_B                          0.750000    2.079733   -1.329733 (VIOLATED)
_0997_/RESET_B                          0.750000    2.079733   -1.329733 (VIOLATED)
_0998_/RESET_B                          0.750000    2.079733   -1.329733 (VIOLATED)
_0999_/RESET_B                          0.750000    2.079733   -1.329733 (VIOLATED)
_1000_/RESET_B                          0.750000    2.079733   -1.329733 (VIOLATED)
_1001_/RESET_B                          0.750000    2.079733   -1.329733 (VIOLATED)
_1002_/RESET_B                          0.750000    2.079733   -1.329733 (VIOLATED)
_1003_/RESET_B                          0.750000    2.079733   -1.329733 (VIOLATED)
_1004_/RESET_B                          0.750000    2.079733   -1.329733 (VIOLATED)
_1005_/RESET_B                          0.750000    2.079733   -1.329733 (VIOLATED)
_1006_/RESET_B                          0.750000    2.079733   -1.329733 (VIOLATED)
_1007_/RESET_B                          0.750000    2.079733   -1.329733 (VIOLATED)
_1008_/RESET_B                          0.750000    2.079733   -1.329733 (VIOLATED)
_1009_/RESET_B                          0.750000    2.079733   -1.329733 (VIOLATED)
_1010_/RESET_B                          0.750000    2.079733   -1.329733 (VIOLATED)
_1011_/RESET_B                          0.750000    2.079733   -1.329733 (VIOLATED)
_1012_/RESET_B                          0.750000    2.079733   -1.329733 (VIOLATED)
_1013_/RESET_B                          0.750000    2.079733   -1.329733 (VIOLATED)
_1014_/RESET_B                          0.750000    2.079733   -1.329733 (VIOLATED)
_1015_/RESET_B                          0.750000    2.079733   -1.329733 (VIOLATED)
_1016_/RESET_B                          0.750000    2.079733   -1.329733 (VIOLATED)
_1017_/RESET_B                          0.750000    2.079733   -1.329733 (VIOLATED)
_1018_/RESET_B                          0.750000    2.079733   -1.329733 (VIOLATED)
_1019_/RESET_B                          0.750000    2.079733   -1.329733 (VIOLATED)
_1020_/RESET_B                          0.750000    2.079733   -1.329733 (VIOLATED)
_1021_/RESET_B                          0.750000    2.079733   -1.329733 (VIOLATED)
_1022_/RESET_B                          0.750000    2.079733   -1.329733 (VIOLATED)
_1023_/RESET_B                          0.750000    2.079733   -1.329733 (VIOLATED)
_1024_/RESET_B                          0.750000    2.079733   -1.329733 (VIOLATED)
_1025_/RESET_B                          0.750000    2.079733   -1.329733 (VIOLATED)
_1026_/RESET_B                          0.750000    2.079733   -1.329733 (VIOLATED)
_1027_/RESET_B                          0.750000    2.079733   -1.329733 (VIOLATED)
_1028_/RESET_B                          0.750000    2.079733   -1.329733 (VIOLATED)
_1029_/RESET_B                          0.750000    2.079733   -1.329733 (VIOLATED)
_1030_/RESET_B                          0.750000    2.079733   -1.329733 (VIOLATED)
_1031_/RESET_B                          0.750000    2.079733   -1.329733 (VIOLATED)
_1032_/RESET_B                          0.750000    2.079733   -1.329733 (VIOLATED)
_1033_/RESET_B                          0.750000    2.079733   -1.329733 (VIOLATED)
_1034_/RESET_B                          0.750000    2.079733   -1.329733 (VIOLATED)
_1035_/RESET_B                          0.750000    2.079733   -1.329733 (VIOLATED)
_1036_/RESET_B                          0.750000    2.079733   -1.329733 (VIOLATED)
_1037_/RESET_B                          0.750000    2.079733   -1.329733 (VIOLATED)
_1038_/RESET_B                          0.750000    2.079733   -1.329733 (VIOLATED)
_1039_/RESET_B                          0.750000    2.079733   -1.329733 (VIOLATED)
_1040_/RESET_B                          0.750000    2.079733   -1.329733 (VIOLATED)
_1041_/RESET_B                          0.750000    2.079733   -1.329733 (VIOLATED)
_1042_/RESET_B                          0.750000    2.079733   -1.329733 (VIOLATED)
_1043_/RESET_B                          0.750000    2.079733   -1.329733 (VIOLATED)
_1044_/RESET_B                          0.750000    2.079733   -1.329733 (VIOLATED)
_1045_/RESET_B                          0.750000    2.079733   -1.329733 (VIOLATED)
_1046_/RESET_B                          0.750000    2.079733   -1.329733 (VIOLATED)
_1047_/RESET_B                          0.750000    2.079733   -1.329733 (VIOLATED)
_1048_/RESET_B                          0.750000    2.079733   -1.329733 (VIOLATED)
_1049_/RESET_B                          0.750000    2.079733   -1.329733 (VIOLATED)
_1050_/RESET_B                          0.750000    2.079733   -1.329733 (VIOLATED)
_1051_/RESET_B                          0.750000    2.079733   -1.329733 (VIOLATED)
_1052_/RESET_B                          0.750000    2.079733   -1.329733 (VIOLATED)
_1053_/RESET_B                          0.750000    2.079733   -1.329733 (VIOLATED)
_1054_/RESET_B                          0.750000    2.079733   -1.329733 (VIOLATED)
_0522_/Y                                0.750000    1.219461   -0.469461 (VIOLATED)
_0523_/A                                0.750000    1.219461   -0.469461 (VIOLATED)
_0558_/B                                0.750000    1.219461   -0.469461 (VIOLATED)
_0559_/A2_N                             0.750000    1.219461   -0.469461 (VIOLATED)
_0568_/B                                0.750000    1.219461   -0.469461 (VIOLATED)
_0570_/B                                0.750000    1.219461   -0.469461 (VIOLATED)
_0619_/A                                0.750000    1.219461   -0.469461 (VIOLATED)
_0645_/A1                               0.750000    1.219461   -0.469461 (VIOLATED)
_0646_/B2                               0.750000    1.219461   -0.469461 (VIOLATED)
_0742_/A                                0.750000    1.219461   -0.469461 (VIOLATED)
_0759_/A                                0.750000    1.219461   -0.469461 (VIOLATED)
_0596_/X                                0.750000    1.033068   -0.283068 (VIOLATED)
_0597_/B                                0.750000    1.033068   -0.283068 (VIOLATED)
_0598_/A0                               0.750000    1.033068   -0.283068 (VIOLATED)
_0604_/A                                0.750000    1.033068   -0.283068 (VIOLATED)
_0670_/A                                0.750000    1.033068   -0.283068 (VIOLATED)
_0674_/B                                0.750000    1.033068   -0.283068 (VIOLATED)
_0711_/A                                0.750000    1.033068   -0.283068 (VIOLATED)
_0837_/A                                0.750000    1.033068   -0.283068 (VIOLATED)
_0537_/Y                                0.750000    1.030525   -0.280525 (VIOLATED)
_0572_/A2                               0.750000    1.030525   -0.280525 (VIOLATED)
_0582_/B2                               0.750000    1.030525   -0.280525 (VIOLATED)
_0632_/C1                               0.750000    1.030525   -0.280525 (VIOLATED)
_0645_/B1                               0.750000    1.030525   -0.280525 (VIOLATED)
_0657_/C1                               0.750000    1.030525   -0.280525 (VIOLATED)
_0686_/A2                               0.750000    1.030525   -0.280525 (VIOLATED)
_0706_/A                                0.750000    1.030525   -0.280525 (VIOLATED)
_0722_/A                                0.750000    1.030525   -0.280525 (VIOLATED)
_0730_/B1                               0.750000    1.030525   -0.280525 (VIOLATED)
_0741_/A                                0.750000    1.030525   -0.280525 (VIOLATED)
_0747_/A                                0.750000    1.030525   -0.280525 (VIOLATED)
_0748_/A1                               0.750000    1.030525   -0.280525 (VIOLATED)
_0753_/A                                0.750000    1.030525   -0.280525 (VIOLATED)
_0757_/A                                0.750000    1.030525   -0.280525 (VIOLATED)
_0814_/A                                0.750000    1.030525   -0.280525 (VIOLATED)
_0823_/A                                0.750000    1.030525   -0.280525 (VIOLATED)
_0568_/Y                                0.750000    0.957097   -0.207097 (VIOLATED)
_0569_/A                                0.750000    0.957097   -0.207097 (VIOLATED)
_0581_/A1                               0.750000    0.957097   -0.207097 (VIOLATED)
_0622_/A                                0.750000    0.957097   -0.207097 (VIOLATED)
_0684_/B                                0.750000    0.957097   -0.207097 (VIOLATED)
_0685_/B                                0.750000    0.957097   -0.207097 (VIOLATED)
_0686_/B1                               0.750000    0.957097   -0.207097 (VIOLATED)
_0762_/A                                0.750000    0.957097   -0.207097 (VIOLATED)
_0763_/A                                0.750000    0.957097   -0.207097 (VIOLATED)
_0764_/A                                0.750000    0.957097   -0.207097 (VIOLATED)
_0779_/B2                               0.750000    0.957097   -0.207097 (VIOLATED)
_0780_/A1                               0.750000    0.957097   -0.207097 (VIOLATED)
_0536_/X                                0.750000    0.884655   -0.134655 (VIOLATED)
_0559_/B1                               0.750000    0.884655   -0.134655 (VIOLATED)
_0571_/B                                0.750000    0.884655   -0.134655 (VIOLATED)
_0577_/B                                0.750000    0.884655   -0.134655 (VIOLATED)
_0578_/B                                0.750000    0.884655   -0.134655 (VIOLATED)
_0612_/A                                0.750000    0.884655   -0.134655 (VIOLATED)
_0613_/A                                0.750000    0.884655   -0.134655 (VIOLATED)
_0618_/A                                0.750000    0.884655   -0.134655 (VIOLATED)
_0642_/A                                0.750000    0.884655   -0.134655 (VIOLATED)
_0701_/C1                               0.750000    0.884655   -0.134655 (VIOLATED)
_0718_/B2                               0.750000    0.884655   -0.134655 (VIOLATED)
_0758_/A                                0.750000    0.884655   -0.134655 (VIOLATED)
_0779_/A1_N                             0.750000    0.884655   -0.134655 (VIOLATED)
_0791_/A1                               0.750000    0.884655   -0.134655 (VIOLATED)
_0829_/C1                               0.750000    0.884655   -0.134655 (VIOLATED)
_0761_/Y                                0.750000    0.750971   -0.000971 (VIOLATED)
_0762_/B                                0.750000    0.750971   -0.000971 (VIOLATED)
_0763_/B                                0.750000    0.750971   -0.000971 (VIOLATED)
_0764_/B                                0.750000    0.750971   -0.000971 (VIOLATED)
_0793_/B                                0.750000    0.750971   -0.000971 (VIOLATED)
_0824_/A                                0.750000    0.750971   -0.000971 (VIOLATED)

max fanout

Pin                                   Limit Fanout  Slack
---------------------------------------------------------
rst_n                                    10     90    -80 (VIOLATED)
ui_in[5]                                 10     23    -13 (VIOLATED)
ui_in[4]                                 10     22    -12 (VIOLATED)
ui_in[6]                                 10     22    -12 (VIOLATED)
ui_in[7]                                 10     21    -11 (VIOLATED)
_0967_/Q                                 10     21    -11 (VIOLATED)
_0968_/Q                                 10     20    -10 (VIOLATED)
_0969_/Q                                 10     18     -8 (VIOLATED)
_0970_/Q                                 10     18     -8 (VIOLATED)
_0537_/Y                                 10     16     -6 (VIOLATED)
_0536_/X                                 10     14     -4 (VIOLATED)
_0481_/X                                 10     13     -3 (VIOLATED)
_0966_/Q                                 10     12     -2 (VIOLATED)
_1050_/Q                                 10     12     -2 (VIOLATED)
ui_in[0]                                 10     11        (VIOLATED)
_0568_/Y                                 10     11        (VIOLATED)

max capacitance

Pin                                        Limit         Cap       Slack
------------------------------------------------------------------------
rst_n                                   0.200000    0.303381   -0.103381 (VIOLATED)



===========================================================================
report_parasitic_annotation -report_unannotated
============================================================================
Found 628 unannotated drivers.
 clk
 ena
 rst_n
 ui_in[0]
 ui_in[1]
 ui_in[2]
 ui_in[3]
 ui_in[4]
 ui_in[5]
 ui_in[6]
 ui_in[7]
 uio_in[0]
 uio_in[1]
 uio_in[2]
 uio_in[3]
 uio_in[4]
 uio_in[5]
 uio_in[6]
 uio_in[7]
 _0478_/Y
 _0479_/Y
 _0480_/Y
 _0481_/X
 _0482_/Y
 _0483_/Y
 _0484_/Y
 _0485_/X
 _0486_/Y
 _0487_/X
 _0488_/Y
 _0489_/Y
 _0490_/Y
 _0491_/Y
 _0492_/X
 _0493_/Y
 _0494_/X
 _0495_/X
 _0496_/X
 _0497_/X
 _0498_/X
 _0499_/X
 _0500_/X
 _0501_/X
 _0502_/X
 _0503_/X
 _0504_/X
 _0505_/X
 _0506_/X
 _0507_/X
 _0508_/X
 _0509_/X
 _0510_/X
 _0511_/X
 _0512_/Y
 _0513_/Y
 _0514_/X
 _0515_/Y
 _0516_/X
 _0517_/X
 _0518_/X
 _0519_/X
 _0520_/X
 _0521_/X
 _0522_/Y
 _0523_/Y
 _0524_/X
 _0525_/X
 _0526_/X
 _0527_/X
 _0528_/X
 _0529_/X
 _0530_/X
 _0531_/X
 _0532_/X
 _0533_/X
 _0534_/X
 _0535_/X
 _0536_/X
 _0537_/Y
 _0538_/X
 _0539_/X
 _0540_/X
 _0541_/X
 _0542_/X
 _0543_/X
 _0544_/X
 _0545_/X
 _0546_/X
 _0547_/Y
 _0548_/Y
 _0549_/X
 _0550_/Y
 _0551_/Y
 _0552_/Y
 _0553_/Y
 _0554_/X
 _0555_/X
 _0556_/Y
 _0557_/X
 _0558_/Y
 _0559_/X
 _0560_/Y
 _0561_/X
 _0562_/Y
 _0563_/Y
 _0564_/X
 _0565_/Y
 _0566_/X
 _0567_/Y
 _0568_/Y
 _0569_/Y
 _0570_/Y
 _0571_/X
 _0572_/X
 _0573_/Y
 _0574_/Y
 _0575_/X
 _0576_/Y
 _0577_/Y
 _0578_/Y
 _0579_/X
 _0580_/Y
 _0581_/X
 _0582_/X
 _0583_/Y
 _0584_/Y
 _0585_/Y
 _0586_/X
 _0587_/X
 _0588_/X
 _0589_/X
 _0590_/X
 _0591_/X
 _0592_/X
 _0593_/X
 _0594_/X
 _0595_/Y
 _0596_/X
 _0597_/Y
 _0598_/X
 _0599_/Y
 _0600_/Y
 _0601_/X
 _0602_/Y
 _0603_/Y
 _0604_/Y
 _0605_/Y
 _0606_/Y
 _0607_/Y
 _0608_/Y
 _0609_/X
 _0610_/X
 _0611_/Y
 _0612_/Y
 _0613_/Y
 _0614_/Y
 _0615_/Y
 _0616_/Y
 _0617_/Y
 _0618_/X
 _0619_/Y
 _0620_/Y
 _0621_/Y
 _0622_/Y
 _0623_/Y
 _0624_/X
 _0625_/X
 _0626_/Y
 _0627_/Y
 _0628_/X
 _0629_/Y
 _0630_/Y
 _0631_/Y
 _0632_/X
 _0633_/Y
 _0634_/X
 _0635_/Y
 _0636_/Y
 _0637_/Y
 _0638_/X
 _0639_/Y
 _0640_/Y
 _0641_/Y
 _0642_/X
 _0643_/X
 _0644_/Y
 _0645_/Y
 _0646_/X
 _0647_/Y
 _0648_/X
 _0649_/Y
 _0650_/X
 _0651_/Y
 _0652_/Y
 _0653_/X
 _0654_/Y
 _0655_/Y
 _0656_/X
 _0657_/X
 _0658_/X
 _0659_/Y
 _0660_/X
 _0661_/X
 _0662_/X
 _0663_/Y
 _0664_/Y
 _0665_/X
 _0666_/Y
 _0667_/X
 _0668_/Y
 _0669_/Y
 _0670_/Y
 _0671_/Y
 _0672_/Y
 _0673_/Y
 _0674_/Y
 _0675_/Y
 _0676_/X
 _0677_/Y
 _0678_/Y
 _0679_/Y
 _0680_/X
 _0681_/X
 _0682_/X
 _0683_/X
 _0684_/X
 _0685_/Y
 _0686_/X
 _0687_/Y
 _0688_/Y
 _0689_/X
 _0690_/Y
 _0691_/X
 _0692_/Y
 _0693_/Y
 _0694_/Y
 _0695_/Y
 _0696_/X
 _0697_/X
 _0698_/Y
 _0699_/Y
 _0700_/Y
 _0701_/X
 _0702_/X
 _0703_/Y
 _0704_/Y
 _0705_/Y
 _0706_/Y
 _0707_/Y
 _0708_/Y
 _0709_/X
 _0710_/X
 _0711_/Y
 _0712_/X
 _0713_/Y
 _0714_/Y
 _0715_/Y
 _0716_/Y
 _0717_/Y
 _0718_/X
 _0719_/Y
 _0720_/Y
 _0721_/Y
 _0722_/Y
 _0723_/Y
 _0724_/Y
 _0725_/Y
 _0726_/X
 _0727_/X
 _0728_/Y
 _0729_/X
 _0730_/X
 _0731_/Y
 _0732_/Y
 _0733_/X
 _0734_/X
 _0735_/Y
 _0736_/X
 _0737_/Y
 _0738_/X
 _0739_/Y
 _0740_/Y
 _0741_/Y
 _0742_/Y
 _0743_/Y
 _0744_/Y
 _0745_/Y
 _0746_/Y
 _0747_/X
 _0748_/Y
 _0749_/X
 _0750_/X
 _0751_/X
 _0752_/Y
 _0753_/X
 _0754_/Y
 _0755_/Y
 _0756_/X
 _0757_/Y
 _0758_/Y
 _0759_/Y
 _0760_/Y
 _0761_/Y
 _0762_/Y
 _0763_/Y
 _0764_/Y
 _0765_/Y
 _0766_/Y
 _0767_/Y
 _0768_/Y
 _0769_/X
 _0770_/Y
 _0771_/X
 _0772_/Y
 _0773_/X
 _0774_/Y
 _0775_/X
 _0776_/X
 _0777_/X
 _0778_/Y
 _0779_/X
 _0780_/X
 _0781_/Y
 _0782_/Y
 _0783_/Y
 _0784_/X
 _0785_/Y
 _0786_/Y
 _0787_/Y
 _0788_/Y
 _0789_/X
 _0790_/X
 _0791_/X
 _0792_/Y
 _0793_/X
 _0794_/Y
 _0795_/Y
 _0796_/X
 _0797_/Y
 _0798_/Y
 _0799_/X
 _0800_/Y
 _0801_/X
 _0802_/Y
 _0803_/X
 _0804_/Y
 _0805_/Y
 _0806_/Y
 _0807_/Y
 _0808_/X
 _0809_/Y
 _0810_/Y
 _0811_/Y
 _0812_/Y
 _0813_/X
 _0814_/X
 _0815_/X
 _0816_/Y
 _0817_/Y
 _0818_/X
 _0819_/X
 _0820_/X
 _0821_/Y
 _0822_/X
 _0823_/Y
 _0824_/X
 _0825_/X
 _0826_/Y
 _0827_/X
 _0828_/X
 _0829_/Y
 _0830_/X
 _0831_/Y
 _0832_/Y
 _0833_/Y
 _0834_/Y
 _0835_/X
 _0836_/X
 _0837_/Y
 _0838_/Y
 _0839_/X
 _0840_/Y
 _0841_/X
 _0842_/X
 _0843_/X
 _0844_/Y
 _0845_/Y
 _0846_/X
 _0847_/Y
 _0848_/X
 _0849_/X
 _0850_/X
 _0851_/X
 _0852_/Y
 _0853_/X
 _0854_/X
 _0855_/X
 _0856_/X
 _0857_/X
 _0858_/X
 _0859_/X
 _0860_/X
 _0861_/X
 _0862_/X
 _0863_/Y
 _0864_/X
 _0865_/Y
 _0866_/X
 _0867_/X
 _0868_/X
 _0869_/X
 _0870_/X
 _0871_/X
 _0872_/Y
 _0873_/X
 _0874_/X
 _0875_/X
 _0876_/X
 _0877_/X
 _0878_/Y
 _0879_/X
 _0880_/X
 _0881_/X
 _0882_/X
 _0883_/Y
 _0884_/X
 _0885_/X
 _0886_/X
 _0887_/X
 _0888_/Y
 _0889_/X
 _0890_/X
 _0891_/X
 _0892_/X
 _0893_/X
 _0894_/Y
 _0895_/X
 _0896_/X
 _0897_/X
 _0898_/X
 _0899_/Y
 _0900_/Y
 _0901_/X
 _0902_/X
 _0903_/X
 _0904_/X
 _0905_/Y
 _0906_/X
 _0907_/X
 _0908_/X
 _0909_/X
 _0910_/Y
 _0911_/X
 _0912_/X
 _0913_/X
 _0914_/X
 _0915_/Y
 _0916_/X
 _0917_/X
 _0918_/X
 _0919_/X
 _0920_/Y
 _0921_/Y
 _0922_/X
 _0923_/X
 _0924_/X
 _0925_/X
 _0926_/Y
 _0927_/X
 _0928_/X
 _0929_/X
 _0930_/X
 _0931_/Y
 _0932_/X
 _0933_/X
 _0934_/X
 _0935_/X
 _0936_/Y
 _0937_/X
 _0938_/X
 _0939_/X
 _0940_/X
 _0941_/X
 _0942_/X
 _0943_/X
 _0944_/X
 _0945_/X
 _0946_/X
 _0947_/Y
 _0948_/X
 _0949_/X
 _0950_/X
 _0951_/X
 _0952_/Y
 _0953_/X
 _0954_/X
 _0955_/X
 _0956_/X
 _0957_/Y
 _0958_/X
 _0959_/X
 _0960_/X
 _0961_/X
 _0962_/X
 _0963_/X
 _0964_/X
 _0965_/X
 _0966_/Q
 _0967_/Q
 _0968_/Q
 _0969_/Q
 _0970_/Q
 _0971_/Q
 _0972_/Q
 _0973_/Q
 _0974_/Q
 _0975_/Q
 _0976_/Q
 _0977_/Q
 _0978_/Q
 _0979_/Q
 _0980_/Q
 _0981_/Q
 _0982_/Q
 _0983_/Q
 _0984_/Q
 _0985_/Q
 _0986_/Q
 _0987_/Q
 _0988_/Q
 _0989_/Q
 _0990_/Q
 _0991_/Q
 _0992_/Q
 _0993_/Q
 _0994_/Q
 _0995_/Q
 _0996_/Q
 _0997_/Q
 _0998_/Q
 _0999_/Q
 _1000_/Q
 _1001_/Q
 _1002_/Q
 _1003_/Q
 _1004_/Q
 _1005_/Q
 _1006_/Q
 _1007_/Q
 _1008_/Q
 _1009_/Q
 _1010_/Q
 _1011_/Q
 _1012_/Q
 _1013_/Q
 _1014_/Q
 _1015_/Q
 _1016_/Q
 _1017_/Q
 _1018_/Q
 _1019_/Q
 _1020_/Q
 _1021_/Q
 _1022_/Q
 _1023_/Q
 _1024_/Q
 _1025_/Q
 _1026_/Q
 _1027_/Q
 _1028_/Q
 _1029_/Q
 _1030_/Q
 _1031_/Q
 _1032_/Q
 _1033_/Q
 _1034_/Q
 _1035_/Q
 _1036_/Q
 _1037_/Q
 _1038_/Q
 _1039_/Q
 _1040_/Q
 _1041_/Q
 _1042_/Q
 _1043_/Q
 _1044_/Q
 _1045_/Q
 _1046_/Q
 _1047_/Q
 _1048_/Q
 _1049_/Q
 _1050_/Q
 _1051_/Q
 _1052_/Q
 _1053_/Q
 _1054_/Q
 _1055_/HI
 _1055_/LO
 _1056_/HI
 _1056_/LO
 _1057_/HI
 _1057_/LO
 _1058_/HI
 _1058_/LO
 _1059_/HI
 _1059_/LO
 _1060_/HI
 _1060_/LO
 _1061_/HI
 _1061_/LO
 _1062_/HI
 _1062_/LO
 _1063_/HI
 _1063_/LO
 _1064_/HI
 _1064_/LO
 _1065_/HI
 _1065_/LO
 _1066_/HI
 _1066_/LO
 _1067_/HI
 _1067_/LO
 _1068_/HI
 _1068_/LO
 _1069_/HI
 _1069_/LO
 _1070_/HI
 _1070_/LO
Found 0 partially unannotated drivers.

===========================================================================
max slew violation count 160
max fanout violation count 16
max cap violation count 1
============================================================================

===========================================================================
check_setup -verbose -unconstrained_endpoints -multiple_clock -no_clock -no_input_delay -loops -generated_clocks
===========================================================================
Warning: There are 16 unconstrained endpoints.
  uio_oe[0]
  uio_oe[1]
  uio_oe[2]
  uio_oe[3]
  uio_oe[4]
  uio_oe[5]
  uio_oe[6]
  uio_oe[7]
  uio_out[0]
  uio_out[1]
  uio_out[2]
  uio_out[3]
  uio_out[4]
  uio_out[5]
  uio_out[6]
  uio_out[7]
