Clock: clk
Sources: clk 
Generated: no
Virtual: no
Propagated: no
Period: 20.000000

===========================================================================
report_clock_properties
============================================================================
Clock                   Period          Waveform
----------------------------------------------------
clk                  20.000000    0.000000 10.000000

===========================================================================
report_clock_latency
============================================================================
Clock clk
rise -> rise
    min     max
0.000000 0.000000 source latency
0.404377         network latency _0966_/CLK
        0.404377 network latency _0966_/CLK
---------------
0.404377 0.404377 latency
        0.000000 skew

fall -> fall
    min     max
0.000000 0.000000 source latency
0.178820         network latency _0966_/CLK
        0.178820 network latency _0966_/CLK
---------------
0.178820 0.178820 latency
        0.000000 skew



===========================================================================
report_clock_min_period
============================================================================
clk period_min = 5.05 fmax = 197.88
