Clock: clk
Sources: clk 
Generated: no
Virtual: no
Propagated: no
Period: 20.000000

===========================================================================
report_clock_properties
============================================================================
Clock                   Period          Waveform
----------------------------------------------------
clk                  20.000000    0.000000 10.000000

===========================================================================
report_clock_latency
============================================================================
Clock clk
rise -> rise
    min     max
0.000000 0.000000 source latency
0.463204         network latency _1068_/CLK
        0.463204 network latency _1068_/CLK
---------------
0.463204 0.463204 latency
        0.000000 skew

fall -> fall
    min     max
0.000000 0.000000 source latency
0.222274         network latency _1068_/CLK
        0.222274 network latency _1068_/CLK
---------------
0.222274 0.222274 latency
        0.000000 skew



===========================================================================
report_clock_min_period
============================================================================
clk period_min = 2.24 fmax = 446.23
